[0615/101059.781:ERROR:process_reader_win.cc(151)] SuspendThread: 액세스가 거부되었습니다. (0x5)
[0615/101059.785:ERROR:exception_snapshot_win.cc(98)] thread ID 4628 not found in process
[0615/101059.785:ERROR:scoped_process_suspend.cc(40)] NtResumeProcess: 기존 프로세스에 액세스하려고 했습니다. (0xc000010a)
[0615/101129.468:ERROR:process_reader_win.cc(151)] SuspendThread: 액세스가 거부되었습니다. (0x5)
[0615/101129.468:ERROR:exception_snapshot_win.cc(98)] thread ID 22232 not found in process
[0615/101129.468:ERROR:scoped_process_suspend.cc(40)] NtResumeProcess: 기존 프로세스에 액세스하려고 했습니다. (0xc000010a)
[0615/102324.688:ERROR:process_memory_win.cc(73)] ReadMemory at 0x221bfbb8fd0 of 6656 bytes failed: ReadProcessMemory 또는 WriteProcessMemory의 일부 작업만을 마쳤습니다. (0x12B)
[0615/102324.688:ERROR:process_snapshot_win.cc(322)] failed to read unloaded module data
[0615/102324.694:ERROR:process_memory_win.cc(73)] ReadMemory at 0x7ff6dcd90000 of 64 bytes failed: ReadProcessMemory 또는 WriteProcessMemory의 일부 작업만을 마쳤습니다. (0x12B)
[0615/102324.694:WARNING:pe_image_reader.cc(340)] could not read dos header from C:\Program Files (x86)\Google\Chrome\Application\chrome.exe
[0615/102324.694:ERROR:process_memory_win.cc(73)] ReadMemory at 0x7ffd975a0000 of 64 bytes failed: ReadProcessMemory 또는 WriteProcessMemory의 일부 작업만을 마쳤습니다. (0x12B)
[0615/102324.695:WARNING:pe_image_reader.cc(340)] could not read dos header from C:\Program Files (x86)\Google\Chrome\Application\83.0.4103.97\chrome_elf.dll
[0615/102324.695:ERROR:process_memory_win.cc(73)] ReadMemory at 0x7ffdc89c0000 of 64 bytes failed: ReadProcessMemory 또는 WriteProcessMemory의 일부 작업만을 마쳤습니다. (0x12B)
[0615/102324.695:WARNING:pe_image_reader.cc(340)] could not read dos header from C:\WINDOWS\SYSTEM32\VERSION.dll
[0615/102324.695:ERROR:process_memory_win.cc(73)] ReadMemory at 0x7ffd7f770000 of 64 bytes failed: ReadProcessMemory 또는 WriteProcessMemory의 일부 작업만을 마쳤습니다. (0x12B)
[0615/102324.695:WARNING:pe_image_reader.cc(340)] could not read dos header from C:\Program Files (x86)\Google\Chrome\Application\83.0.4103.97\chrome.dll
[0615/102324.695:ERROR:process_memory_win.cc(73)] ReadMemory at 0x221bfd60000 of 64 bytes failed: ReadProcessMemory 또는 WriteProcessMemory의 일부 작업만을 마쳤습니다. (0x12B)
[0615/102324.695:WARNING:pe_image_reader.cc(340)] could not read dos header from C:\WINDOWS\System32\WS2_32.dll
[0615/102324.695:ERROR:process_memory_win.cc(73)] ReadMemory at 0x7ffdd2500000 of 64 bytes failed: ReadProcessMemory 또는 WriteProcessMemory의 일부 작업만을 마쳤습니다. (0x12B)
[0615/102324.695:WARNING:pe_image_reader.cc(340)] could not read dos header from C:\WINDOWS\System32\msvcp_win.dll
[0615/102324.695:ERROR:process_memory_win.cc(73)] ReadMemory at 0x7ffdd3130000 of 64 bytes failed: ReadProcessMemory 또는 WriteProcessMemory의 일부 작업만을 마쳤습니다. (0x12B)
[0615/102324.696:WARNING:pe_image_reader.cc(340)] could not read dos header from C:\WINDOWS\System32\ucrtbase.dll
[0615/102324.696:ERROR:process_memory_win.cc(73)] ReadMemory at 0x7ffdd4e40000 of 64 bytes failed: ReadProcessMemory 또는 WriteProcessMemory의 일부 작업만을 마쳤습니다. (0x12B)
[0615/102324.696:WARNING:pe_image_reader.cc(340)] could not read dos header from C:\WINDOWS\System32\combase.dll
[0615/102324.696:ERROR:process_memory_win.cc(73)] ReadMemory at 0x7ffdd32d0000 of 64 bytes failed: ReadProcessMemory 또는 WriteProcessMemory의 일부 작업만을 마쳤습니다. (0x12B)
[0615/102324.696:WARNING:pe_image_reader.cc(340)] could not read dos header from C:\WINDOWS\System32\WINTRUST.dll
[0615/102324.696:ERROR:process_memory_win.cc(73)] ReadMemory at 0x7ffdd22f0000 of 64 bytes failed: ReadProcessMemory 또는 WriteProcessMemory의 일부 작업만을 마쳤습니다. (0x12B)
[0615/102324.696:WARNING:pe_image_reader.cc(340)] could not read dos header from C:\WINDOWS\System32\MSASN1.dll
[0615/102324.696:ERROR:process_memory_win.cc(73)] ReadMemory at 0x7ffdd23b0000 of 64 bytes failed: ReadProcessMemory 또는 WriteProcessMemory의 일부 작업만을 마쳤습니다. (0x12B)
[0615/102324.696:WARNING:pe_image_reader.cc(340)] could not read dos header from C:\WINDOWS\System32\CRYPT32.dll
[0615/102324.696:ERROR:process_memory_win.cc(73)] ReadMemory at 0x7ffdd1800000 of 64 bytes failed: ReadProcessMemory 또는 WriteProcessMemory의 일부 작업만을 마쳤습니다. (0x12B)
[0615/102324.696:WARNING:pe_image_reader.cc(340)] could not read dos header from C:\WINDOWS\SYSTEM32\IPHLPAPI.DLL
[0615/102324.696:ERROR:process_memory_win.cc(73)] ReadMemory at 0x7ffdc8990000 of 64 bytes failed: ReadProcessMemory 또는 WriteProcessMemory의 일부 작업만을 마쳤습니다. (0x12B)
[0615/102324.696:WARNING:pe_image_reader.cc(340)] could not read dos header from C:\WINDOWS\SYSTEM32\WINMM.dll
[0615/102324.696:ERROR:process_memory_win.cc(73)] ReadMemory at 0x7ffdc5680000 of 64 bytes failed: ReadProcessMemory 또는 WriteProcessMemory의 일부 작업만을 마쳤습니다. (0x12B)
[0615/102324.696:WARNING:pe_image_reader.cc(340)] could not read dos header from C:\WINDOWS\SYSTEM32\Secur32.dll
[0615/102324.696:ERROR:process_memory_win.cc(73)] ReadMemory at 0x7ffdd2200000 of 64 bytes failed: ReadProcessMemory 또는 WriteProcessMemory의 일부 작업만을 마쳤습니다. (0x12B)
[0615/102324.697:WARNING:pe_image_reader.cc(340)] could not read dos header from C:\WINDOWS\SYSTEM32\USERENV.dll
[0615/102324.697:ERROR:process_memory_win.cc(73)] ReadMemory at 0x7ffdd2380000 of 64 bytes failed: ReadProcessMemory 또는 WriteProcessMemory의 일부 작업만을 마쳤습니다. (0x12B)
[0615/102324.697:WARNING:pe_image_reader.cc(340)] could not read dos header from C:\WINDOWS\System32\profapi.dll
[0615/102324.697:ERROR:process_memory_win.cc(73)] ReadMemory at 0x7ffda9d10000 of 64 bytes failed: ReadProcessMemory 또는 WriteProcessMemory의 일부 작업만을 마쳤습니다. (0x12B)
[0615/102324.697:WARNING:pe_image_reader.cc(340)] could not read dos header from C:\WINDOWS\SYSTEM32\UIAutomationCore.DLL
[0615/102324.697:ERROR:process_memory_win.cc(73)] ReadMemory at 0x7ffdb2650000 of 64 bytes failed: ReadProcessMemory 또는 WriteProcessMemory의 일부 작업만을 마쳤습니다. (0x12B)
[0615/102324.697:WARNING:pe_image_reader.cc(340)] could not read dos header from C:\WINDOWS\SYSTEM32\DWrite.dll
[0615/102324.697:ERROR:process_memory_win.cc(73)] ReadMemory at 0x7ffdb1e90000 of 64 bytes failed: ReadProcessMemory 또는 WriteProcessMemory의 일부 작업만을 마쳤습니다. (0x12B)
[0615/102324.697:WARNING:pe_image_reader.cc(340)] could not read dos header from C:\WINDOWS\SYSTEM32\WINSPOOL.DRV
[0615/102324.697:ERROR:process_memory_win.cc(73)] ReadMemory at 0x7ffdd2310000 of 64 bytes failed: ReadProcessMemory 또는 WriteProcessMemory의 일부 작업만을 마쳤습니다. (0x12B)
[0615/102324.697:WARNING:pe_image_reader.cc(340)] could not read dos header from C:\WINDOWS\System32\kernel.appcore.dll
[0615/102324.697:ERROR:process_memory_win.cc(73)] ReadMemory at 0x7ffdd25a0000 of 64 bytes failed: ReadProcessMemory 또는 WriteProcessMemory의 일부 작업만을 마쳤습니다. (0x12B)
[0615/102324.697:WARNING:pe_image_reader.cc(340)] could not read dos header from C:\WINDOWS\System32\bcrypt.dll
[0615/102324.697:ERROR:process_memory_win.cc(73)] ReadMemory at 0x7ffdd0bf0000 of 64 bytes failed: ReadProcessMemory 또는 WriteProcessMemory의 일부 작업만을 마쳤습니다. (0x12B)
[0615/102324.697:WARNING:pe_image_reader.cc(340)] could not read dos header from C:\WINDOWS\SYSTEM32\dbghelp.dll
[0615/102324.697:ERROR:process_memory_win.cc(73)] ReadMemory at 0x7ffdcf340000 of 64 bytes failed: ReadProcessMemory 또는 WriteProcessMemory의 일부 작업만을 마쳤습니다. (0x12B)
[0615/102324.697:WARNING:pe_image_reader.cc(340)] could not read dos header from C:\WINDOWS\SYSTEM32\WINHTTP.dll
[0615/102324.697:ERROR:process_memory_win.cc(73)] ReadMemory at 0x7ffdcc120000 of 64 bytes failed: ReadProcessMemory 또는 WriteProcessMemory의 일부 작업만을 마쳤습니다. (0x12B)
[0615/102324.697:WARNING:pe_image_reader.cc(340)] could not read dos header from C:\WINDOWS\SYSTEM32\dhcpcsvc.DLL
[0615/102324.697:ERROR:process_memory_win.cc(73)] ReadMemory at 0x7ffdd3740000 of 64 bytes failed: ReadProcessMemory 또는 WriteProcessMemory의 일부 작업만을 마쳤습니다. (0x12B)
[0615/102324.698:WARNING:pe_image_reader.cc(340)] could not read dos header from C:\WINDOWS\System32\NSI.dll
[0615/102324.698:ERROR:process_memory_win.cc(73)] ReadMemory at 0x7ffdc88b0000 of 64 bytes failed: ReadProcessMemory 또는 WriteProcessMemory의 일부 작업만을 마쳤습니다. (0x12B)
[0615/102324.698:WARNING:pe_image_reader.cc(340)] could not read dos header from C:\WINDOWS\SYSTEM32\WINMMBASE.dll
[0615/102324.698:ERROR:process_memory_win.cc(73)] ReadMemory at 0x7ffdd30e0000 of 64 bytes failed: ReadProcessMemory 또는 WriteProcessMemory의 일부 작업만을 마쳤습니다. (0x12B)
[0615/102324.698:WARNING:pe_image_reader.cc(340)] could not read dos header from C:\WINDOWS\System32\cfgmgr32.dll
[0615/102324.698:ERROR:process_memory_win.cc(73)] ReadMemory at 0x7ffdcff80000 of 64 bytes failed: ReadProcessMemory 또는 WriteProcessMemory의 일부 작업만을 마쳤습니다. (0x12B)
[0615/102324.698:WARNING:pe_image_reader.cc(340)] could not read dos header from C:\WINDOWS\SYSTEM32\PROPSYS.dll
[0615/102324.698:ERROR:process_memory_win.cc(73)] ReadMemory at 0x7ffdd4920000 of 64 bytes failed: ReadProcessMemory 또는 WriteProcessMemory의 일부 작업만을 마쳤습니다. (0x12B)
[0615/102324.698:WARNING:pe_image_reader.cc(340)] could not read dos header from C:\WINDOWS\System32\shcore.dll
[0615/102324.698:ERROR:process_memory_win.cc(73)] ReadMemory at 0x7ffdd21d0000 of 64 bytes failed: ReadProcessMemory 또는 WriteProcessMemory의 일부 작업만을 마쳤습니다. (0x12B)
[0615/102324.698:WARNING:pe_image_reader.cc(340)] could not read dos header from C:\WINDOWS\SYSTEM32\SSPICLI.DLL
[0615/102324.698:ERROR:process_memory_win.cc(73)] ReadMemory at 0x7ffdd1cc0000 of 64 bytes failed: ReadProcessMemory 또는 WriteProcessMemory의 일부 작업만을 마쳤습니다. (0x12B)
[0615/102324.698:WARNING:pe_image_reader.cc(340)] could not read dos header from C:\WINDOWS\SYSTEM32\CRYPTBASE.DLL
[0615/102324.698:ERROR:process_memory_win.cc(73)] ReadMemory at 0x7ff6dcd90000 of 64 bytes failed: ReadProcessMemory 또는 WriteProcessMemory의 일부 작업만을 마쳤습니다. (0x12B)
[0615/102324.698:WARNING:pe_image_reader.cc(340)] could not read dos header from C:\Program Files (x86)\Google\Chrome\Application\chrome.exe
[0615/102324.698:ERROR:process_memory_win.cc(73)] ReadMemory at 0x7ff6dcd90000 of 64 bytes failed: ReadProcessMemory 또는 WriteProcessMemory의 일부 작업만을 마쳤습니다. (0x12B)
[0615/102324.698:WARNING:pe_image_reader.cc(340)] could not read dos header from C:\Program Files (x86)\Google\Chrome\Application\chrome.exe
[0615/102324.699:ERROR:process_memory_win.cc(73)] ReadMemory at 0x7ffdd5420000 of 64 bytes failed: ReadProcessMemory 또는 WriteProcessMemory의 일부 작업만을 마쳤습니다. (0x12B)
[0615/102324.699:WARNING:pe_image_reader.cc(340)] could not read dos header from C:\WINDOWS\SYSTEM32\ntdll.dll
[0615/102324.699:ERROR:process_memory_win.cc(73)] ReadMemory at 0x7ffdd5420000 of 64 bytes failed: ReadProcessMemory 또는 WriteProcessMemory의 일부 작업만을 마쳤습니다. (0x12B)
[0615/102324.699:WARNING:pe_image_reader.cc(340)] could not read dos header from C:\WINDOWS\SYSTEM32\ntdll.dll
[0615/102324.699:ERROR:process_memory_win.cc(73)] ReadMemory at 0x7ffdd4360000 of 64 bytes failed: ReadProcessMemory 또는 WriteProcessMemory의 일부 작업만을 마쳤습니다. (0x12B)
[0615/102324.699:WARNING:pe_image_reader.cc(340)] could not read dos header from C:\WINDOWS\System32\KERNEL32.DLL
[0615/102324.699:ERROR:process_memory_win.cc(73)] ReadMemory at 0x7ffdd4360000 of 64 bytes failed: ReadProcessMemory 또는 WriteProcessMemory의 일부 작업만을 마쳤습니다. (0x12B)
[0615/102324.699:WARNING:pe_image_reader.cc(340)] could not read dos header from C:\WINDOWS\System32\KERNEL32.DLL
[0615/102324.699:ERROR:process_memory_win.cc(73)] ReadMemory at 0x7ffdd25d0000 of 64 bytes failed: ReadProcessMemory 또는 WriteProcessMemory의 일부 작업만을 마쳤습니다. (0x12B)
[0615/102324.699:WARNING:pe_image_reader.cc(340)] could not read dos header from C:\WINDOWS\System32\KERNELBASE.dll
[0615/102324.699:ERROR:process_memory_win.cc(73)] ReadMemory at 0x7ffdd25d0000 of 64 bytes failed: ReadProcessMemory 또는 WriteProcessMemory의 일부 작업만을 마쳤습니다. (0x12B)
[0615/102324.699:WARNING:pe_image_reader.cc(340)] could not read dos header from C:\WINDOWS\System32\KERNELBASE.dll
[0615/102324.699:ERROR:process_memory_win.cc(73)] ReadMemory at 0x7ffd975a0000 of 64 bytes failed: ReadProcessMemory 또는 WriteProcessMemory의 일부 작업만을 마쳤습니다. (0x12B)
[0615/102324.699:WARNING:pe_image_reader.cc(340)] could not read dos header from C:\Program Files (x86)\Google\Chrome\Application\83.0.4103.97\chrome_elf.dll
[0615/102324.699:ERROR:process_memory_win.cc(73)] ReadMemory at 0x7ffd975a0000 of 64 bytes failed: ReadProcessMemory 또는 WriteProcessMemory의 일부 작업만을 마쳤습니다. (0x12B)
[0615/102324.699:WARNING:pe_image_reader.cc(340)] could not read dos header from C:\Program Files (x86)\Google\Chrome\Application\83.0.4103.97\chrome_elf.dll
[0615/102324.699:ERROR:process_memory_win.cc(73)] ReadMemory at 0x7ffdc89c0000 of 64 bytes failed: ReadProcessMemory 또는 WriteProcessMemory의 일부 작업만을 마쳤습니다. (0x12B)
[0615/102324.699:WARNING:pe_image_reader.cc(340)] could not read dos header from C:\WINDOWS\SYSTEM32\VERSION.dll
[0615/102324.699:ERROR:process_memory_win.cc(73)] ReadMemory at 0x7ffdc89c0000 of 64 bytes failed: ReadProcessMemory 또는 WriteProcessMemory의 일부 작업만을 마쳤습니다. (0x12B)
[0615/102324.699:WARNING:pe_image_reader.cc(340)] could not read dos header from C:\WINDOWS\SYSTEM32\VERSION.dll
[0615/102324.699:ERROR:process_memory_win.cc(73)] ReadMemory at 0x7ffdd3670000 of 64 bytes failed: ReadProcessMemory 또는 WriteProcessMemory의 일부 작업만을 마쳤습니다. (0x12B)
[0615/102324.699:WARNING:pe_image_reader.cc(340)] could not read dos header from C:\WINDOWS\System32\msvcrt.dll
[0615/102324.700:ERROR:process_memory_win.cc(73)] ReadMemory at 0x7ffdd3670000 of 64 bytes failed: ReadProcessMemory 또는 WriteProcessMemory의 일부 작업만을 마쳤습니다. (0x12B)
[0615/102324.700:WARNING:pe_image_reader.cc(340)] could not read dos header from C:\WINDOWS\System32\msvcrt.dll
[0615/102324.700:ERROR:process_memory_win.cc(73)] ReadMemory at 0x7ffdd3230000 of 64 bytes failed: ReadProcessMemory 또는 WriteProcessMemory의 일부 작업만을 마쳤습니다. (0x12B)
[0615/102324.700:WARNING:pe_image_reader.cc(340)] could not read dos header from C:\WINDOWS\System32\bcryptPrimitives.dll
[0615/102324.700:ERROR:process_memory_win.cc(73)] ReadMemory at 0x7ffdd3230000 of 64 bytes failed: ReadProcessMemory 또는 WriteProcessMemory의 일부 작업만을 마쳤습니다. (0x12B)
[0615/102324.700:WARNING:pe_image_reader.cc(340)] could not read dos header from C:\WINDOWS\System32\bcryptPrimitives.dll
[0615/102324.700:ERROR:process_memory_win.cc(73)] ReadMemory at 0x7ffdd3890000 of 64 bytes failed: ReadProcessMemory 또는 WriteProcessMemory의 일부 작업만을 마쳤습니다. (0x12B)
[0615/102324.700:WARNING:pe_image_reader.cc(340)] could not read dos header from C:\WINDOWS\System32\ADVAPI32.dll
[0615/102324.700:ERROR:process_memory_win.cc(73)] ReadMemory at 0x7ffdd3890000 of 64 bytes failed: ReadProcessMemory 또는 WriteProcessMemory의 일부 작업만을 마쳤습니다. (0x12B)
[0615/102324.700:WARNING:pe_image_reader.cc(340)] could not read dos header from C:\WINDOWS\System32\ADVAPI32.dll
[0615/102324.700:ERROR:process_memory_win.cc(73)] ReadMemory at 0x7ffdd42c0000 of 64 bytes failed: ReadProcessMemory 또는 WriteProcessMemory의 일부 작업만을 마쳤습니다. (0x12B)
[0615/102324.700:WARNING:pe_image_reader.cc(340)] could not read dos header from C:\WINDOWS\System32\sechost.dll
[0615/102324.700:ERROR:process_memory_win.cc(73)] ReadMemory at 0x7ffdd42c0000 of 64 bytes failed: ReadProcessMemory 또는 WriteProcessMemory의 일부 작업만을 마쳤습니다. (0x12B)
[0615/102324.700:WARNING:pe_image_reader.cc(340)] could not read dos header from C:\WINDOWS\System32\sechost.dll
[0615/102324.700:ERROR:process_memory_win.cc(73)] ReadMemory at 0x7ffdd4800000 of 64 bytes failed: ReadProcessMemory 또는 WriteProcessMemory의 일부 작업만을 마쳤습니다. (0x12B)
[0615/102324.701:WARNING:pe_image_reader.cc(340)] could not read dos header from C:\WINDOWS\System32\RPCRT4.dll
[0615/102324.701:ERROR:process_memory_win.cc(73)] ReadMemory at 0x7ffdd4800000 of 64 bytes failed: ReadProcessMemory 또는 WriteProcessMemory의 일부 작업만을 마쳤습니다. (0x12B)
[0615/102324.701:WARNING:pe_image_reader.cc(340)] could not read dos header from C:\WINDOWS\System32\RPCRT4.dll
[0615/102324.701:ERROR:process_memory_win.cc(73)] ReadMemory at 0x7ffd7f770000 of 64 bytes failed: ReadProcessMemory 또는 WriteProcessMemory의 일부 작업만을 마쳤습니다. (0x12B)
[0615/102324.701:WARNING:pe_image_reader.cc(340)] could not read dos header from C:\Program Files (x86)\Google\Chrome\Application\83.0.4103.97\chrome.dll
[0615/102324.701:ERROR:process_memory_win.cc(73)] ReadMemory at 0x7ffd7f770000 of 64 bytes failed: ReadProcessMemory 또는 WriteProcessMemory의 일부 작업만을 마쳤습니다. (0x12B)
[0615/102324.701:WARNING:pe_image_reader.cc(340)] could not read dos header from C:\Program Files (x86)\Google\Chrome\Application\83.0.4103.97\chrome.dll
[0615/102324.701:ERROR:process_memory_win.cc(73)] ReadMemory at 0x221bfd60000 of 64 bytes failed: ReadProcessMemory 또는 WriteProcessMemory의 일부 작업만을 마쳤습니다. (0x12B)
[0615/102324.701:WARNING:pe_image_reader.cc(340)] could not read dos header from C:\WINDOWS\System32\WS2_32.dll
[0615/102324.701:ERROR:process_memory_win.cc(73)] ReadMemory at 0x221bfd60000 of 64 bytes failed: ReadProcessMemory 또는 WriteProcessMemory의 일부 작업만을 마쳤습니다. (0x12B)
[0615/102324.701:WARNING:pe_image_reader.cc(340)] could not read dos header from C:\WINDOWS\System32\WS2_32.dll
[0615/102324.701:ERROR:process_memory_win.cc(73)] ReadMemory at 0x7ffdd52d0000 of 64 bytes failed: ReadProcessMemory 또는 WriteProcessMemory의 일부 작업만을 마쳤습니다. (0x12B)
[0615/102324.702:WARNING:pe_image_reader.cc(340)] could not read dos header from C:\WINDOWS\System32\OLEAUT32.dll
[0615/102324.702:ERROR:process_memory_win.cc(73)] ReadMemory at 0x7ffdd52d0000 of 64 bytes failed: ReadProcessMemory 또는 WriteProcessMemory의 일부 작업만을 마쳤습니다. (0x12B)
[0615/102324.702:WARNING:pe_image_reader.cc(340)] could not read dos header from C:\WINDOWS\System32\OLEAUT32.dll
[0615/102324.702:ERROR:process_memory_win.cc(73)] ReadMemory at 0x7ffdd2500000 of 64 bytes failed: ReadProcessMemory 또는 WriteProcessMemory의 일부 작업만을 마쳤습니다. (0x12B)
[0615/102324.702:WARNING:pe_image_reader.cc(340)] could not read dos header from C:\WINDOWS\System32\msvcp_win.dll
[0615/102324.702:ERROR:process_memory_win.cc(73)] ReadMemory at 0x7ffdd2500000 of 64 bytes failed: ReadProcessMemory 또는 WriteProcessMemory의 일부 작업만을 마쳤습니다. (0x12B)
[0615/102324.702:WARNING:pe_image_reader.cc(340)] could not read dos header from C:\WINDOWS\System32\msvcp_win.dll
[0615/102324.702:ERROR:process_memory_win.cc(73)] ReadMemory at 0x7ffdd3130000 of 64 bytes failed: ReadProcessMemory 또는 WriteProcessMemory의 일부 작업만을 마쳤습니다. (0x12B)
[0615/102324.702:WARNING:pe_image_reader.cc(340)] could not read dos header from C:\WINDOWS\System32\ucrtbase.dll
[0615/102324.702:ERROR:process_memory_win.cc(73)] ReadMemory at 0x7ffdd3130000 of 64 bytes failed: ReadProcessMemory 또는 WriteProcessMemory의 일부 작업만을 마쳤습니다. (0x12B)
[0615/102324.702:WARNING:pe_image_reader.cc(340)] could not read dos header from C:\WINDOWS\System32\ucrtbase.dll
[0615/102324.702:ERROR:process_memory_win.cc(73)] ReadMemory at 0x7ffdd4e40000 of 64 bytes failed: ReadProcessMemory 또는 WriteProcessMemory의 일부 작업만을 마쳤습니다. (0x12B)
[0615/102324.702:WARNING:pe_image_reader.cc(340)] could not read dos header from C:\WINDOWS\System32\combase.dll
[0615/102324.702:ERROR:process_memory_win.cc(73)] ReadMemory at 0x7ffdd4e40000 of 64 bytes failed: ReadProcessMemory 또는 WriteProcessMemory의 일부 작업만을 마쳤습니다. (0x12B)
[0615/102324.702:WARNING:pe_image_reader.cc(340)] could not read dos header from C:\WINDOWS\System32\combase.dll
[0615/102324.702:ERROR:process_memory_win.cc(73)] ReadMemory at 0x7ffdd32d0000 of 64 bytes failed: ReadProcessMemory 또는 WriteProcessMemory의 일부 작업만을 마쳤습니다. (0x12B)
[0615/102324.702:WARNING:pe_image_reader.cc(340)] could not read dos header from C:\WINDOWS\System32\WINTRUST.dll
[0615/102324.703:ERROR:process_memory_win.cc(73)] ReadMemory at 0x7ffdd32d0000 of 64 bytes failed: ReadProcessMemory 또는 WriteProcessMemory의 일부 작업만을 마쳤습니다. (0x12B)
[0615/102324.703:WARNING:pe_image_reader.cc(340)] could not read dos header from C:\WINDOWS\System32\WINTRUST.dll
[0615/102324.703:ERROR:process_memory_win.cc(73)] ReadMemory at 0x7ffdd22f0000 of 64 bytes failed: ReadProcessMemory 또는 WriteProcessMemory의 일부 작업만을 마쳤습니다. (0x12B)
[0615/102324.703:WARNING:pe_image_reader.cc(340)] could not read dos header from C:\WINDOWS\System32\MSASN1.dll
[0615/102324.703:ERROR:process_memory_win.cc(73)] ReadMemory at 0x7ffdd22f0000 of 64 bytes failed: ReadProcessMemory 또는 WriteProcessMemory의 일부 작업만을 마쳤습니다. (0x12B)
[0615/102324.703:WARNING:pe_image_reader.cc(340)] could not read dos header from C:\WINDOWS\System32\MSASN1.dll
[0615/102324.703:ERROR:process_memory_win.cc(73)] ReadMemory at 0x7ffdd23b0000 of 64 bytes failed: ReadProcessMemory 또는 WriteProcessMemory의 일부 작업만을 마쳤습니다. (0x12B)
[0615/102324.703:WARNING:pe_image_reader.cc(340)] could not read dos header from C:\WINDOWS\System32\CRYPT32.dll
[0615/102324.703:ERROR:process_memory_win.cc(73)] ReadMemory at 0x7ffdd23b0000 of 64 bytes failed: ReadProcessMemory 또는 WriteProcessMemory의 일부 작업만을 마쳤습니다. (0x12B)
[0615/102324.703:WARNING:pe_image_reader.cc(340)] could not read dos header from C:\WINDOWS\System32\CRYPT32.dll
[0615/102324.703:ERROR:process_memory_win.cc(73)] ReadMemory at 0x7ffdd1800000 of 64 bytes failed: ReadProcessMemory 또는 WriteProcessMemory의 일부 작업만을 마쳤습니다. (0x12B)
[0615/102324.703:WARNING:pe_image_reader.cc(340)] could not read dos header from C:\WINDOWS\SYSTEM32\IPHLPAPI.DLL
[0615/102324.703:ERROR:process_memory_win.cc(73)] ReadMemory at 0x7ffdd1800000 of 64 bytes failed: ReadProcessMemory 또는 WriteProcessMemory의 일부 작업만을 마쳤습니다. (0x12B)
[0615/102324.703:WARNING:pe_image_reader.cc(340)] could not read dos header from C:\WINDOWS\SYSTEM32\IPHLPAPI.DLL
[0615/102324.704:ERROR:process_memory_win.cc(73)] ReadMemory at 0x7ffdc8990000 of 64 bytes failed: ReadProcessMemory 또는 WriteProcessMemory의 일부 작업만을 마쳤습니다. (0x12B)
[0615/102324.704:WARNING:pe_image_reader.cc(340)] could not read dos header from C:\WINDOWS\SYSTEM32\WINMM.dll
[0615/102324.704:ERROR:process_memory_win.cc(73)] ReadMemory at 0x7ffdc8990000 of 64 bytes failed: ReadProcessMemory 또는 WriteProcessMemory의 일부 작업만을 마쳤습니다. (0x12B)
[0615/102324.704:WARNING:pe_image_reader.cc(340)] could not read dos header from C:\WINDOWS\SYSTEM32\WINMM.dll
[0615/102324.704:ERROR:process_memory_win.cc(73)] ReadMemory at 0x7ffdc5680000 of 64 bytes failed: ReadProcessMemory 또는 WriteProcessMemory의 일부 작업만을 마쳤습니다. (0x12B)
[0615/102324.704:WARNING:pe_image_reader.cc(340)] could not read dos header from C:\WINDOWS\SYSTEM32\Secur32.dll
[0615/102324.704:ERROR:process_memory_win.cc(73)] ReadMemory at 0x7ffdc5680000 of 64 bytes failed: ReadProcessMemory 또는 WriteProcessMemory의 일부 작업만을 마쳤습니다. (0x12B)
[0615/102324.704:WARNING:pe_image_reader.cc(340)] could not read dos header from C:\WINDOWS\SYSTEM32\Secur32.dll
[0615/102324.704:ERROR:process_memory_win.cc(73)] ReadMemory at 0x7ffdd2200000 of 64 bytes failed: ReadProcessMemory 또는 WriteProcessMemory의 일부 작업만을 마쳤습니다. (0x12B)
[0615/102324.704:WARNING:pe_image_reader.cc(340)] could not read dos header from C:\WINDOWS\SYSTEM32\USERENV.dll
[0615/102324.704:ERROR:process_memory_win.cc(73)] ReadMemory at 0x7ffdd2200000 of 64 bytes failed: ReadProcessMemory 또는 WriteProcessMemory의 일부 작업만을 마쳤습니다. (0x12B)
[0615/102324.704:WARNING:pe_image_reader.cc(340)] could not read dos header from C:\WINDOWS\SYSTEM32\USERENV.dll
[0615/102324.704:ERROR:process_memory_win.cc(73)] ReadMemory at 0x7ffdd2380000 of 64 bytes failed: ReadProcessMemory 또는 WriteProcessMemory의 일부 작업만을 마쳤습니다. (0x12B)
[0615/102324.704:WARNING:pe_image_reader.cc(340)] could not read dos header from C:\WINDOWS\System32\profapi.dll
[0615/102324.704:ERROR:process_memory_win.cc(73)] ReadMemory at 0x7ffdd2380000 of 64 bytes failed: ReadProcessMemory 또는 WriteProcessMemory의 일부 작업만을 마쳤습니다. (0x12B)
[0615/102324.704:WARNING:pe_image_reader.cc(340)] could not read dos header from C:\WINDOWS\System32\profapi.dll
[0615/102324.705:ERROR:process_memory_win.cc(73)] ReadMemory at 0x7ffda9d10000 of 64 bytes failed: ReadProcessMemory 또는 WriteProcessMemory의 일부 작업만을 마쳤습니다. (0x12B)
[0615/102324.705:WARNING:pe_image_reader.cc(340)] could not read dos header from C:\WINDOWS\SYSTEM32\UIAutomationCore.DLL
[0615/102324.705:ERROR:process_memory_win.cc(73)] ReadMemory at 0x7ffda9d10000 of 64 bytes failed: ReadProcessMemory 또는 WriteProcessMemory의 일부 작업만을 마쳤습니다. (0x12B)
[0615/102324.705:WARNING:pe_image_reader.cc(340)] could not read dos header from C:\WINDOWS\SYSTEM32\UIAutomationCore.DLL
[0615/102324.705:ERROR:process_memory_win.cc(73)] ReadMemory at 0x7ffdb2650000 of 64 bytes failed: ReadProcessMemory 또는 WriteProcessMemory의 일부 작업만을 마쳤습니다. (0x12B)
[0615/102324.705:WARNING:pe_image_reader.cc(340)] could not read dos header from C:\WINDOWS\SYSTEM32\DWrite.dll
[0615/102324.705:ERROR:process_memory_win.cc(73)] ReadMemory at 0x7ffdb2650000 of 64 bytes failed: ReadProcessMemory 또는 WriteProcessMemory의 일부 작업만을 마쳤습니다. (0x12B)
[0615/102324.705:WARNING:pe_image_reader.cc(340)] could not read dos header from C:\WINDOWS\SYSTEM32\DWrite.dll
[0615/102324.705:ERROR:process_memory_win.cc(73)] ReadMemory at 0x7ffdb1e90000 of 64 bytes failed: ReadProcessMemory 또는 WriteProcessMemory의 일부 작업만을 마쳤습니다. (0x12B)
[0615/102324.705:WARNING:pe_image_reader.cc(340)] could not read dos header from C:\WINDOWS\SYSTEM32\WINSPOOL.DRV
[0615/102324.705:ERROR:process_memory_win.cc(73)] ReadMemory at 0x7ffdb1e90000 of 64 bytes failed: ReadProcessMemory 또는 WriteProcessMemory의 일부 작업만을 마쳤습니다. (0x12B)
[0615/102324.705:WARNING:pe_image_reader.cc(340)] could not read dos header from C:\WINDOWS\SYSTEM32\WINSPOOL.DRV
[0615/102324.705:ERROR:process_memory_win.cc(73)] ReadMemory at 0x7ffdd2310000 of 64 bytes failed: ReadProcessMemory 또는 WriteProcessMemory의 일부 작업만을 마쳤습니다. (0x12B)
[0615/102324.706:WARNING:pe_image_reader.cc(340)] could not read dos header from C:\WINDOWS\System32\kernel.appcore.dll
[0615/102324.706:ERROR:process_memory_win.cc(73)] ReadMemory at 0x7ffdd2310000 of 64 bytes failed: ReadProcessMemory 또는 WriteProcessMemory의 일부 작업만을 마쳤습니다. (0x12B)
[0615/102324.706:WARNING:pe_image_reader.cc(340)] could not read dos header from C:\WINDOWS\System32\kernel.appcore.dll
[0615/102324.706:ERROR:process_memory_win.cc(73)] ReadMemory at 0x7ffdd25a0000 of 64 bytes failed: ReadProcessMemory 또는 WriteProcessMemory의 일부 작업만을 마쳤습니다. (0x12B)
[0615/102324.706:WARNING:pe_image_reader.cc(340)] could not read dos header from C:\WINDOWS\System32\bcrypt.dll
[0615/102324.706:ERROR:process_memory_win.cc(73)] ReadMemory at 0x7ffdd25a0000 of 64 bytes failed: ReadProcessMemory 또는 WriteProcessMemory의 일부 작업만을 마쳤습니다. (0x12B)
[0615/102324.706:WARNING:pe_image_reader.cc(340)] could not read dos header from C:\WINDOWS\System32\bcrypt.dll
[0615/102324.706:ERROR:process_memory_win.cc(73)] ReadMemory at 0x7ffdd0bf0000 of 64 bytes failed: ReadProcessMemory 또는 WriteProcessMemory의 일부 작업만을 마쳤습니다. (0x12B)
[0615/102324.706:WARNING:pe_image_reader.cc(340)] could not read dos header from C:\WINDOWS\SYSTEM32\dbghelp.dll
[0615/102324.707:ERROR:process_memory_win.cc(73)] ReadMemory at 0x7ffdd0bf0000 of 64 bytes failed: ReadProcessMemory 또는 WriteProcessMemory의 일부 작업만을 마쳤습니다. (0x12B)
[0615/102324.707:WARNING:pe_image_reader.cc(340)] could not read dos header from C:\WINDOWS\SYSTEM32\dbghelp.dll
[0615/102324.707:ERROR:process_memory_win.cc(73)] ReadMemory at 0x7ffdcf340000 of 64 bytes failed: ReadProcessMemory 또는 WriteProcessMemory의 일부 작업만을 마쳤습니다. (0x12B)
[0615/102324.707:WARNING:pe_image_reader.cc(340)] could not read dos header from C:\WINDOWS\SYSTEM32\WINHTTP.dll
[0615/102324.707:ERROR:process_memory_win.cc(73)] ReadMemory at 0x7ffdcf340000 of 64 bytes failed: ReadProcessMemory 또는 WriteProcessMemory의 일부 작업만을 마쳤습니다. (0x12B)
[0615/102324.707:WARNING:pe_image_reader.cc(340)] could not read dos header from C:\WINDOWS\SYSTEM32\WINHTTP.dll
[0615/102324.708:ERROR:process_memory_win.cc(73)] ReadMemory at 0x7ffdcc120000 of 64 bytes failed: ReadProcessMemory 또는 WriteProcessMemory의 일부 작업만을 마쳤습니다. (0x12B)
[0615/102324.708:WARNING:pe_image_reader.cc(340)] could not read dos header from C:\WINDOWS\SYSTEM32\dhcpcsvc.DLL
[0615/102324.708:ERROR:process_memory_win.cc(73)] ReadMemory at 0x7ffdcc120000 of 64 bytes failed: ReadProcessMemory 또는 WriteProcessMemory의 일부 작업만을 마쳤습니다. (0x12B)
[0615/102324.708:WARNING:pe_image_reader.cc(340)] could not read dos header from C:\WINDOWS\SYSTEM32\dhcpcsvc.DLL
[0615/102324.708:ERROR:process_memory_win.cc(73)] ReadMemory at 0x7ffdd3740000 of 64 bytes failed: ReadProcessMemory 또는 WriteProcessMemory의 일부 작업만을 마쳤습니다. (0x12B)
[0615/102324.708:WARNING:pe_image_reader.cc(340)] could not read dos header from C:\WINDOWS\System32\NSI.dll
[0615/102324.708:ERROR:process_memory_win.cc(73)] ReadMemory at 0x7ffdd3740000 of 64 bytes failed: ReadProcessMemory 또는 WriteProcessMemory의 일부 작업만을 마쳤습니다. (0x12B)
[0615/102324.708:WARNING:pe_image_reader.cc(340)] could not read dos header from C:\WINDOWS\System32\NSI.dll
[0615/102324.708:ERROR:process_memory_win.cc(73)] ReadMemory at 0x7ffdc88b0000 of 64 bytes failed: ReadProcessMemory 또는 WriteProcessMemory의 일부 작업만을 마쳤습니다. (0x12B)
[0615/102324.708:WARNING:pe_image_reader.cc(340)] could not read dos header from C:\WINDOWS\SYSTEM32\WINMMBASE.dll
[0615/102324.708:ERROR:process_memory_win.cc(73)] ReadMemory at 0x7ffdc88b0000 of 64 bytes failed: ReadProcessMemory 또는 WriteProcessMemory의 일부 작업만을 마쳤습니다. (0x12B)
[0615/102324.708:WARNING:pe_image_reader.cc(340)] could not read dos header from C:\WINDOWS\SYSTEM32\WINMMBASE.dll
[0615/102324.708:ERROR:process_memory_win.cc(73)] ReadMemory at 0x7ffdd30e0000 of 64 bytes failed: ReadProcessMemory 또는 WriteProcessMemory의 일부 작업만을 마쳤습니다. (0x12B)
[0615/102324.709:WARNING:pe_image_reader.cc(340)] could not read dos header from C:\WINDOWS\System32\cfgmgr32.dll
[0615/102324.709:ERROR:process_memory_win.cc(73)] ReadMemory at 0x7ffdd30e0000 of 64 bytes failed: ReadProcessMemory 또는 WriteProcessMemory의 일부 작업만을 마쳤습니다. (0x12B)
[0615/102324.709:WARNING:pe_image_reader.cc(340)] could not read dos header from C:\WINDOWS\System32\cfgmgr32.dll
[0615/102324.709:ERROR:process_memory_win.cc(73)] ReadMemory at 0x7ffdcff80000 of 64 bytes failed: ReadProcessMemory 또는 WriteProcessMemory의 일부 작업만을 마쳤습니다. (0x12B)
[0615/102324.709:WARNING:pe_image_reader.cc(340)] could not read dos header from C:\WINDOWS\SYSTEM32\PROPSYS.dll
[0615/102324.709:ERROR:process_memory_win.cc(73)] ReadMemory at 0x7ffdcff80000 of 64 bytes failed: ReadProcessMemory 또는 WriteProcessMemory의 일부 작업만을 마쳤습니다. (0x12B)
[0615/102324.709:WARNING:pe_image_reader.cc(340)] could not read dos header from C:\WINDOWS\SYSTEM32\PROPSYS.dll
[0615/102324.709:ERROR:process_memory_win.cc(73)] ReadMemory at 0x7ffdd4920000 of 64 bytes failed: ReadProcessMemory 또는 WriteProcessMemory의 일부 작업만을 마쳤습니다. (0x12B)
[0615/102324.709:WARNING:pe_image_reader.cc(340)] could not read dos header from C:\WINDOWS\System32\shcore.dll
[0615/102324.709:ERROR:process_memory_win.cc(73)] ReadMemory at 0x7ffdd4920000 of 64 bytes failed: ReadProcessMemory 또는 WriteProcessMemory의 일부 작업만을 마쳤습니다. (0x12B)
[0615/102324.709:WARNING:pe_image_reader.cc(340)] could not read dos header from C:\WINDOWS\System32\shcore.dll
[0615/102324.709:ERROR:process_memory_win.cc(73)] ReadMemory at 0x7ffdd21d0000 of 64 bytes failed: ReadProcessMemory 또는 WriteProcessMemory의 일부 작업만을 마쳤습니다. (0x12B)
[0615/102324.709:WARNING:pe_image_reader.cc(340)] could not read dos header from C:\WINDOWS\SYSTEM32\SSPICLI.DLL
[0615/102324.710:ERROR:process_memory_win.cc(73)] ReadMemory at 0x7ffdd21d0000 of 64 bytes failed: ReadProcessMemory 또는 WriteProcessMemory의 일부 작업만을 마쳤습니다. (0x12B)
[0615/102324.710:WARNING:pe_image_reader.cc(340)] could not read dos header from C:\WINDOWS\SYSTEM32\SSPICLI.DLL
[0615/102324.710:ERROR:process_memory_win.cc(73)] ReadMemory at 0x7ffdd1cc0000 of 64 bytes failed: ReadProcessMemory 또는 WriteProcessMemory의 일부 작업만을 마쳤습니다. (0x12B)
[0615/102324.710:WARNING:pe_image_reader.cc(340)] could not read dos header from C:\WINDOWS\SYSTEM32\CRYPTBASE.DLL
[0615/102324.710:ERROR:process_memory_win.cc(73)] ReadMemory at 0x7ffdd1cc0000 of 64 bytes failed: ReadProcessMemory 또는 WriteProcessMemory의 일부 작업만을 마쳤습니다. (0x12B)
[0615/102324.710:WARNING:pe_image_reader.cc(340)] could not read dos header from C:\WINDOWS\SYSTEM32\CRYPTBASE.DLL
[0615/102324.747:ERROR:process_memory_win.cc(73)] ReadMemory at 0x7ff6dcd90000 of 64 bytes failed: ReadProcessMemory 또는 WriteProcessMemory의 일부 작업만을 마쳤습니다. (0x12B)
[0615/102324.747:WARNING:pe_image_reader.cc(340)] could not read dos header from C:\Program Files (x86)\Google\Chrome\Application\chrome.exe
[0615/102324.747:ERROR:process_memory_win.cc(73)] ReadMemory at 0x7ffdd5420000 of 64 bytes failed: ReadProcessMemory 또는 WriteProcessMemory의 일부 작업만을 마쳤습니다. (0x12B)
[0615/102324.747:WARNING:pe_image_reader.cc(340)] could not read dos header from C:\WINDOWS\SYSTEM32\ntdll.dll
[0615/102324.747:ERROR:process_memory_win.cc(73)] ReadMemory at 0x7ffdd4360000 of 64 bytes failed: ReadProcessMemory 또는 WriteProcessMemory의 일부 작업만을 마쳤습니다. (0x12B)
[0615/102324.747:WARNING:pe_image_reader.cc(340)] could not read dos header from C:\WINDOWS\System32\KERNEL32.DLL
[0615/102324.747:ERROR:process_memory_win.cc(73)] ReadMemory at 0x7ffdd25d0000 of 64 bytes failed: ReadProcessMemory 또는 WriteProcessMemory의 일부 작업만을 마쳤습니다. (0x12B)
[0615/102324.747:WARNING:pe_image_reader.cc(340)] could not read dos header from C:\WINDOWS\System32\KERNELBASE.dll
[0615/102324.748:ERROR:process_memory_win.cc(73)] ReadMemory at 0x7ffd975a0000 of 64 bytes failed: ReadProcessMemory 또는 WriteProcessMemory의 일부 작업만을 마쳤습니다. (0x12B)
[0615/102324.748:WARNING:pe_image_reader.cc(340)] could not read dos header from C:\Program Files (x86)\Google\Chrome\Application\83.0.4103.97\chrome_elf.dll
[0615/102324.748:ERROR:process_memory_win.cc(73)] ReadMemory at 0x7ffdc89c0000 of 64 bytes failed: ReadProcessMemory 또는 WriteProcessMemory의 일부 작업만을 마쳤습니다. (0x12B)
[0615/102324.748:WARNING:pe_image_reader.cc(340)] could not read dos header from C:\WINDOWS\SYSTEM32\VERSION.dll
[0615/102324.748:ERROR:process_memory_win.cc(73)] ReadMemory at 0x7ffdd3670000 of 64 bytes failed: ReadProcessMemory 또는 WriteProcessMemory의 일부 작업만을 마쳤습니다. (0x12B)
[0615/102324.748:WARNING:pe_image_reader.cc(340)] could not read dos header from C:\WINDOWS\System32\msvcrt.dll
[0615/102324.748:ERROR:process_memory_win.cc(73)] ReadMemory at 0x7ffdd3230000 of 64 bytes failed: ReadProcessMemory 또는 WriteProcessMemory의 일부 작업만을 마쳤습니다. (0x12B)
[0615/102324.748:WARNING:pe_image_reader.cc(340)] could not read dos header from C:\WINDOWS\System32\bcryptPrimitives.dll
[0615/102324.748:ERROR:process_memory_win.cc(73)] ReadMemory at 0x7ffdd3890000 of 64 bytes failed: ReadProcessMemory 또는 WriteProcessMemory의 일부 작업만을 마쳤습니다. (0x12B)
[0615/102324.748:WARNING:pe_image_reader.cc(340)] could not read dos header from C:\WINDOWS\System32\ADVAPI32.dll
[0615/102324.748:ERROR:process_memory_win.cc(73)] ReadMemory at 0x7ffdd42c0000 of 64 bytes failed: ReadProcessMemory 또는 WriteProcessMemory의 일부 작업만을 마쳤습니다. (0x12B)
[0615/102324.748:WARNING:pe_image_reader.cc(340)] could not read dos header from C:\WINDOWS\System32\sechost.dll
[0615/102324.748:ERROR:process_memory_win.cc(73)] ReadMemory at 0x7ffdd4800000 of 64 bytes failed: ReadProcessMemory 또는 WriteProcessMemory의 일부 작업만을 마쳤습니다. (0x12B)
[0615/102324.748:WARNING:pe_image_reader.cc(340)] could not read dos header from C:\WINDOWS\System32\RPCRT4.dll
[0615/102324.748:ERROR:process_memory_win.cc(73)] ReadMemory at 0x7ffd7f770000 of 64 bytes failed: ReadProcessMemory 또는 WriteProcessMemory의 일부 작업만을 마쳤습니다. (0x12B)
[0615/102324.748:WARNING:pe_image_reader.cc(340)] could not read dos header from C:\Program Files (x86)\Google\Chrome\Application\83.0.4103.97\chrome.dll
[0615/102324.748:ERROR:process_memory_win.cc(73)] ReadMemory at 0x221bfd60000 of 64 bytes failed: ReadProcessMemory 또는 WriteProcessMemory의 일부 작업만을 마쳤습니다. (0x12B)
[0615/102324.748:WARNING:pe_image_reader.cc(340)] could not read dos header from C:\WINDOWS\System32\WS2_32.dll
[0615/102324.748:ERROR:process_memory_win.cc(73)] ReadMemory at 0x7ffdd52d0000 of 64 bytes failed: ReadProcessMemory 또는 WriteProcessMemory의 일부 작업만을 마쳤습니다. (0x12B)
[0615/102324.748:WARNING:pe_image_reader.cc(340)] could not read dos header from C:\WINDOWS\System32\OLEAUT32.dll
[0615/102324.748:ERROR:process_memory_win.cc(73)] ReadMemory at 0x7ffdd2500000 of 64 bytes failed: ReadProcessMemory 또는 WriteProcessMemory의 일부 작업만을 마쳤습니다. (0x12B)
[0615/102324.748:WARNING:pe_image_reader.cc(340)] could not read dos header from C:\WINDOWS\System32\msvcp_win.dll
[0615/102324.748:ERROR:process_memory_win.cc(73)] ReadMemory at 0x7ffdd3130000 of 64 bytes failed: ReadProcessMemory 또는 WriteProcessMemory의 일부 작업만을 마쳤습니다. (0x12B)
[0615/102324.748:WARNING:pe_image_reader.cc(340)] could not read dos header from C:\WINDOWS\System32\ucrtbase.dll
[0615/102324.748:ERROR:process_memory_win.cc(73)] ReadMemory at 0x7ffdd4e40000 of 64 bytes failed: ReadProcessMemory 또는 WriteProcessMemory의 일부 작업만을 마쳤습니다. (0x12B)
[0615/102324.748:WARNING:pe_image_reader.cc(340)] could not read dos header from C:\WINDOWS\System32\combase.dll
[0615/102324.749:ERROR:process_memory_win.cc(73)] ReadMemory at 0x7ffdd32d0000 of 64 bytes failed: ReadProcessMemory 또는 WriteProcessMemory의 일부 작업만을 마쳤습니다. (0x12B)
[0615/102324.749:WARNING:pe_image_reader.cc(340)] could not read dos header from C:\WINDOWS\System32\WINTRUST.dll
[0615/102324.749:ERROR:process_memory_win.cc(73)] ReadMemory at 0x7ffdd22f0000 of 64 bytes failed: ReadProcessMemory 또는 WriteProcessMemory의 일부 작업만을 마쳤습니다. (0x12B)
[0615/102324.749:WARNING:pe_image_reader.cc(340)] could not read dos header from C:\WINDOWS\System32\MSASN1.dll
[0615/102324.749:ERROR:process_memory_win.cc(73)] ReadMemory at 0x7ffdd23b0000 of 64 bytes failed: ReadProcessMemory 또는 WriteProcessMemory의 일부 작업만을 마쳤습니다. (0x12B)
[0615/102324.749:WARNING:pe_image_reader.cc(340)] could not read dos header from C:\WINDOWS\System32\CRYPT32.dll
[0615/102324.749:ERROR:process_memory_win.cc(73)] ReadMemory at 0x7ffdd1800000 of 64 bytes failed: ReadProcessMemory 또는 WriteProcessMemory의 일부 작업만을 마쳤습니다. (0x12B)
[0615/102324.749:WARNING:pe_image_reader.cc(340)] could not read dos header from C:\WINDOWS\SYSTEM32\IPHLPAPI.DLL
[0615/102324.749:ERROR:process_memory_win.cc(73)] ReadMemory at 0x7ffdc8990000 of 64 bytes failed: ReadProcessMemory 또는 WriteProcessMemory의 일부 작업만을 마쳤습니다. (0x12B)
[0615/102324.749:WARNING:pe_image_reader.cc(340)] could not read dos header from C:\WINDOWS\SYSTEM32\WINMM.dll
[0615/102324.749:ERROR:process_memory_win.cc(73)] ReadMemory at 0x7ffdc5680000 of 64 bytes failed: ReadProcessMemory 또는 WriteProcessMemory의 일부 작업만을 마쳤습니다. (0x12B)
[0615/102324.749:WARNING:pe_image_reader.cc(340)] could not read dos header from C:\WINDOWS\SYSTEM32\Secur32.dll
[0615/102324.749:ERROR:process_memory_win.cc(73)] ReadMemory at 0x7ffdd2200000 of 64 bytes failed: ReadProcessMemory 또는 WriteProcessMemory의 일부 작업만을 마쳤습니다. (0x12B)
[0615/102324.749:WARNING:pe_image_reader.cc(340)] could not read dos header from C:\WINDOWS\SYSTEM32\USERENV.dll
[0615/102324.749:ERROR:process_memory_win.cc(73)] ReadMemory at 0x7ffdd2380000 of 64 bytes failed: ReadProcessMemory 또는 WriteProcessMemory의 일부 작업만을 마쳤습니다. (0x12B)
[0615/102324.749:WARNING:pe_image_reader.cc(340)] could not read dos header from C:\WINDOWS\System32\profapi.dll
[0615/102324.749:ERROR:process_memory_win.cc(73)] ReadMemory at 0x7ffda9d10000 of 64 bytes failed: ReadProcessMemory 또는 WriteProcessMemory의 일부 작업만을 마쳤습니다. (0x12B)
[0615/102324.749:WARNING:pe_image_reader.cc(340)] could not read dos header from C:\WINDOWS\SYSTEM32\UIAutomationCore.DLL
[0615/102324.749:ERROR:process_memory_win.cc(73)] ReadMemory at 0x7ffdb2650000 of 64 bytes failed: ReadProcessMemory 또는 WriteProcessMemory의 일부 작업만을 마쳤습니다. (0x12B)
[0615/102324.749:WARNING:pe_image_reader.cc(340)] could not read dos header from C:\WINDOWS\SYSTEM32\DWrite.dll
[0615/102324.749:ERROR:process_memory_win.cc(73)] ReadMemory at 0x7ffdb1e90000 of 64 bytes failed: ReadProcessMemory 또는 WriteProcessMemory의 일부 작업만을 마쳤습니다. (0x12B)
[0615/102324.749:WARNING:pe_image_reader.cc(340)] could not read dos header from C:\WINDOWS\SYSTEM32\WINSPOOL.DRV
[0615/102324.749:ERROR:process_memory_win.cc(73)] ReadMemory at 0x7ffdd2310000 of 64 bytes failed: ReadProcessMemory 또는 WriteProcessMemory의 일부 작업만을 마쳤습니다. (0x12B)
[0615/102324.749:WARNING:pe_image_reader.cc(340)] could not read dos header from C:\WINDOWS\System32\kernel.appcore.dll
[0615/102324.749:ERROR:process_memory_win.cc(73)] ReadMemory at 0x7ffdd25a0000 of 64 bytes failed: ReadProcessMemory 또는 WriteProcessMemory의 일부 작업만을 마쳤습니다. (0x12B)
[0615/102324.750:WARNING:pe_image_reader.cc(340)] could not read dos header from C:\WINDOWS\System32\bcrypt.dll
[0615/102324.750:ERROR:process_memory_win.cc(73)] ReadMemory at 0x7ffdd0bf0000 of 64 bytes failed: ReadProcessMemory 또는 WriteProcessMemory의 일부 작업만을 마쳤습니다. (0x12B)
[0615/102324.750:WARNING:pe_image_reader.cc(340)] could not read dos header from C:\WINDOWS\SYSTEM32\dbghelp.dll
[0615/102324.750:ERROR:process_memory_win.cc(73)] ReadMemory at 0x7ffdcf340000 of 64 bytes failed: ReadProcessMemory 또는 WriteProcessMemory의 일부 작업만을 마쳤습니다. (0x12B)
[0615/102324.750:WARNING:pe_image_reader.cc(340)] could not read dos header from C:\WINDOWS\SYSTEM32\WINHTTP.dll
[0615/102324.750:ERROR:process_memory_win.cc(73)] ReadMemory at 0x7ffdcc120000 of 64 bytes failed: ReadProcessMemory 또는 WriteProcessMemory의 일부 작업만을 마쳤습니다. (0x12B)
[0615/102324.750:WARNING:pe_image_reader.cc(340)] could not read dos header from C:\WINDOWS\SYSTEM32\dhcpcsvc.DLL
[0615/102324.750:ERROR:process_memory_win.cc(73)] ReadMemory at 0x7ffdd3740000 of 64 bytes failed: ReadProcessMemory 또는 WriteProcessMemory의 일부 작업만을 마쳤습니다. (0x12B)
[0615/102324.750:WARNING:pe_image_reader.cc(340)] could not read dos header from C:\WINDOWS\System32\NSI.dll
[0615/102324.750:ERROR:process_memory_win.cc(73)] ReadMemory at 0x7ffdc88b0000 of 64 bytes failed: ReadProcessMemory 또는 WriteProcessMemory의 일부 작업만을 마쳤습니다. (0x12B)
[0615/102324.750:WARNING:pe_image_reader.cc(340)] could not read dos header from C:\WINDOWS\SYSTEM32\WINMMBASE.dll
[0615/102324.750:ERROR:process_memory_win.cc(73)] ReadMemory at 0x7ffdd30e0000 of 64 bytes failed: ReadProcessMemory 또는 WriteProcessMemory의 일부 작업만을 마쳤습니다. (0x12B)
[0615/102324.750:WARNING:pe_image_reader.cc(340)] could not read dos header from C:\WINDOWS\System32\cfgmgr32.dll
[0615/102324.750:ERROR:process_memory_win.cc(73)] ReadMemory at 0x7ffdcff80000 of 64 bytes failed: ReadProcessMemory 또는 WriteProcessMemory의 일부 작업만을 마쳤습니다. (0x12B)
[0615/102324.750:WARNING:pe_image_reader.cc(340)] could not read dos header from C:\WINDOWS\SYSTEM32\PROPSYS.dll
[0615/102324.750:ERROR:process_memory_win.cc(73)] ReadMemory at 0x7ffdd4920000 of 64 bytes failed: ReadProcessMemory 또는 WriteProcessMemory의 일부 작업만을 마쳤습니다. (0x12B)
[0615/102324.750:WARNING:pe_image_reader.cc(340)] could not read dos header from C:\WINDOWS\System32\shcore.dll
[0615/102324.750:ERROR:process_memory_win.cc(73)] ReadMemory at 0x7ffdd21d0000 of 64 bytes failed: ReadProcessMemory 또는 WriteProcessMemory의 일부 작업만을 마쳤습니다. (0x12B)
[0615/102324.750:WARNING:pe_image_reader.cc(340)] could not read dos header from C:\WINDOWS\SYSTEM32\SSPICLI.DLL
[0615/102324.750:ERROR:process_memory_win.cc(73)] ReadMemory at 0x7ffdd1cc0000 of 64 bytes failed: ReadProcessMemory 또는 WriteProcessMemory의 일부 작업만을 마쳤습니다. (0x12B)
[0615/102324.750:WARNING:pe_image_reader.cc(340)] could not read dos header from C:\WINDOWS\SYSTEM32\CRYPTBASE.DLL
[0615/102324.754:ERROR:process_memory_win.cc(73)] ReadMemory at 0x7ff6dcd90000 of 64 bytes failed: ReadProcessMemory 또는 WriteProcessMemory의 일부 작업만을 마쳤습니다. (0x12B)
[0615/102324.754:WARNING:pe_image_reader.cc(340)] could not read dos header from C:\Program Files (x86)\Google\Chrome\Application\chrome.exe
[0615/102324.755:ERROR:process_memory_win.cc(73)] ReadMemory at 0x7ffdd5420000 of 64 bytes failed: ReadProcessMemory 또는 WriteProcessMemory의 일부 작업만을 마쳤습니다. (0x12B)
[0615/102324.755:WARNING:pe_image_reader.cc(340)] could not read dos header from C:\WINDOWS\SYSTEM32\ntdll.dll
[0615/102324.755:ERROR:process_memory_win.cc(73)] ReadMemory at 0x7ffdd4360000 of 64 bytes failed: ReadProcessMemory 또는 WriteProcessMemory의 일부 작업만을 마쳤습니다. (0x12B)
[0615/102324.755:WARNING:pe_image_reader.cc(340)] could not read dos header from C:\WINDOWS\System32\KERNEL32.DLL
[0615/102324.755:ERROR:process_memory_win.cc(73)] ReadMemory at 0x7ffdd25d0000 of 64 bytes failed: ReadProcessMemory 또는 WriteProcessMemory의 일부 작업만을 마쳤습니다. (0x12B)
[0615/102324.755:WARNING:pe_image_reader.cc(340)] could not read dos header from C:\WINDOWS\System32\KERNELBASE.dll
[0615/102324.755:ERROR:process_memory_win.cc(73)] ReadMemory at 0x7ffd975a0000 of 64 bytes failed: ReadProcessMemory 또는 WriteProcessMemory의 일부 작업만을 마쳤습니다. (0x12B)
[0615/102324.755:WARNING:pe_image_reader.cc(340)] could not read dos header from C:\Program Files (x86)\Google\Chrome\Application\83.0.4103.97\chrome_elf.dll
[0615/102324.755:ERROR:process_memory_win.cc(73)] ReadMemory at 0x7ffdc89c0000 of 64 bytes failed: ReadProcessMemory 또는 WriteProcessMemory의 일부 작업만을 마쳤습니다. (0x12B)
[0615/102324.755:WARNING:pe_image_reader.cc(340)] could not read dos header from C:\WINDOWS\SYSTEM32\VERSION.dll
[0615/102324.755:ERROR:process_memory_win.cc(73)] ReadMemory at 0x7ffdd3670000 of 64 bytes failed: ReadProcessMemory 또는 WriteProcessMemory의 일부 작업만을 마쳤습니다. (0x12B)
[0615/102324.755:WARNING:pe_image_reader.cc(340)] could not read dos header from C:\WINDOWS\System32\msvcrt.dll
[0615/102324.755:ERROR:process_memory_win.cc(73)] ReadMemory at 0x7ffdd3230000 of 64 bytes failed: ReadProcessMemory 또는 WriteProcessMemory의 일부 작업만을 마쳤습니다. (0x12B)
[0615/102324.755:WARNING:pe_image_reader.cc(340)] could not read dos header from C:\WINDOWS\System32\bcryptPrimitives.dll
[0615/102324.755:ERROR:process_memory_win.cc(73)] ReadMemory at 0x7ffdd3890000 of 64 bytes failed: ReadProcessMemory 또는 WriteProcessMemory의 일부 작업만을 마쳤습니다. (0x12B)
[0615/102324.755:WARNING:pe_image_reader.cc(340)] could not read dos header from C:\WINDOWS\System32\ADVAPI32.dll
[0615/102324.755:ERROR:process_memory_win.cc(73)] ReadMemory at 0x7ffdd42c0000 of 64 bytes failed: ReadProcessMemory 또는 WriteProcessMemory의 일부 작업만을 마쳤습니다. (0x12B)
[0615/102324.755:WARNING:pe_image_reader.cc(340)] could not read dos header from C:\WINDOWS\System32\sechost.dll
[0615/102324.755:ERROR:process_memory_win.cc(73)] ReadMemory at 0x7ffdd4800000 of 64 bytes failed: ReadProcessMemory 또는 WriteProcessMemory의 일부 작업만을 마쳤습니다. (0x12B)
[0615/102324.755:WARNING:pe_image_reader.cc(340)] could not read dos header from C:\WINDOWS\System32\RPCRT4.dll
[0615/102324.755:ERROR:process_memory_win.cc(73)] ReadMemory at 0x7ffd7f770000 of 64 bytes failed: ReadProcessMemory 또는 WriteProcessMemory의 일부 작업만을 마쳤습니다. (0x12B)
[0615/102324.755:WARNING:pe_image_reader.cc(340)] could not read dos header from C:\Program Files (x86)\Google\Chrome\Application\83.0.4103.97\chrome.dll
[0615/102324.755:ERROR:process_memory_win.cc(73)] ReadMemory at 0x221bfd60000 of 64 bytes failed: ReadProcessMemory 또는 WriteProcessMemory의 일부 작업만을 마쳤습니다. (0x12B)
[0615/102324.755:WARNING:pe_image_reader.cc(340)] could not read dos header from C:\WINDOWS\System32\WS2_32.dll
[0615/102324.755:ERROR:process_memory_win.cc(73)] ReadMemory at 0x7ffdd52d0000 of 64 bytes failed: ReadProcessMemory 또는 WriteProcessMemory의 일부 작업만을 마쳤습니다. (0x12B)
[0615/102324.755:WARNING:pe_image_reader.cc(340)] could not read dos header from C:\WINDOWS\System32\OLEAUT32.dll
[0615/102324.755:ERROR:process_memory_win.cc(73)] ReadMemory at 0x7ffdd2500000 of 64 bytes failed: ReadProcessMemory 또는 WriteProcessMemory의 일부 작업만을 마쳤습니다. (0x12B)
[0615/102324.756:WARNING:pe_image_reader.cc(340)] could not read dos header from C:\WINDOWS\System32\msvcp_win.dll
[0615/102324.756:ERROR:process_memory_win.cc(73)] ReadMemory at 0x7ffdd3130000 of 64 bytes failed: ReadProcessMemory 또는 WriteProcessMemory의 일부 작업만을 마쳤습니다. (0x12B)
[0615/102324.756:WARNING:pe_image_reader.cc(340)] could not read dos header from C:\WINDOWS\System32\ucrtbase.dll
[0615/102324.756:ERROR:process_memory_win.cc(73)] ReadMemory at 0x7ffdd4e40000 of 64 bytes failed: ReadProcessMemory 또는 WriteProcessMemory의 일부 작업만을 마쳤습니다. (0x12B)
[0615/102324.756:WARNING:pe_image_reader.cc(340)] could not read dos header from C:\WINDOWS\System32\combase.dll
[0615/102324.756:ERROR:process_memory_win.cc(73)] ReadMemory at 0x7ffdd32d0000 of 64 bytes failed: ReadProcessMemory 또는 WriteProcessMemory의 일부 작업만을 마쳤습니다. (0x12B)
[0615/102324.756:WARNING:pe_image_reader.cc(340)] could not read dos header from C:\WINDOWS\System32\WINTRUST.dll
[0615/102324.756:ERROR:process_memory_win.cc(73)] ReadMemory at 0x7ffdd22f0000 of 64 bytes failed: ReadProcessMemory 또는 WriteProcessMemory의 일부 작업만을 마쳤습니다. (0x12B)
[0615/102324.756:WARNING:pe_image_reader.cc(340)] could not read dos header from C:\WINDOWS\System32\MSASN1.dll
[0615/102324.756:ERROR:process_memory_win.cc(73)] ReadMemory at 0x7ffdd23b0000 of 64 bytes failed: ReadProcessMemory 또는 WriteProcessMemory의 일부 작업만을 마쳤습니다. (0x12B)
[0615/102324.756:WARNING:pe_image_reader.cc(340)] could not read dos header from C:\WINDOWS\System32\CRYPT32.dll
[0615/102324.756:ERROR:process_memory_win.cc(73)] ReadMemory at 0x7ffdd1800000 of 64 bytes failed: ReadProcessMemory 또는 WriteProcessMemory의 일부 작업만을 마쳤습니다. (0x12B)
[0615/102324.756:WARNING:pe_image_reader.cc(340)] could not read dos header from C:\WINDOWS\SYSTEM32\IPHLPAPI.DLL
[0615/102324.756:ERROR:process_memory_win.cc(73)] ReadMemory at 0x7ffdc8990000 of 64 bytes failed: ReadProcessMemory 또는 WriteProcessMemory의 일부 작업만을 마쳤습니다. (0x12B)
[0615/102324.756:WARNING:pe_image_reader.cc(340)] could not read dos header from C:\WINDOWS\SYSTEM32\WINMM.dll
[0615/102324.756:ERROR:process_memory_win.cc(73)] ReadMemory at 0x7ffdc5680000 of 64 bytes failed: ReadProcessMemory 또는 WriteProcessMemory의 일부 작업만을 마쳤습니다. (0x12B)
[0615/102324.756:WARNING:pe_image_reader.cc(340)] could not read dos header from C:\WINDOWS\SYSTEM32\Secur32.dll
[0615/102324.756:ERROR:process_memory_win.cc(73)] ReadMemory at 0x7ffdd2200000 of 64 bytes failed: ReadProcessMemory 또는 WriteProcessMemory의 일부 작업만을 마쳤습니다. (0x12B)
[0615/102324.756:WARNING:pe_image_reader.cc(340)] could not read dos header from C:\WINDOWS\SYSTEM32\USERENV.dll
[0615/102324.756:ERROR:process_memory_win.cc(73)] ReadMemory at 0x7ffdd2380000 of 64 bytes failed: ReadProcessMemory 또는 WriteProcessMemory의 일부 작업만을 마쳤습니다. (0x12B)
[0615/102324.756:WARNING:pe_image_reader.cc(340)] could not read dos header from C:\WINDOWS\System32\profapi.dll
[0615/102324.756:ERROR:process_memory_win.cc(73)] ReadMemory at 0x7ffda9d10000 of 64 bytes failed: ReadProcessMemory 또는 WriteProcessMemory의 일부 작업만을 마쳤습니다. (0x12B)
[0615/102324.756:WARNING:pe_image_reader.cc(340)] could not read dos header from C:\WINDOWS\SYSTEM32\UIAutomationCore.DLL
[0615/102324.756:ERROR:process_memory_win.cc(73)] ReadMemory at 0x7ffdb2650000 of 64 bytes failed: ReadProcessMemory 또는 WriteProcessMemory의 일부 작업만을 마쳤습니다. (0x12B)
[0615/102324.756:WARNING:pe_image_reader.cc(340)] could not read dos header from C:\WINDOWS\SYSTEM32\DWrite.dll
[0615/102324.756:ERROR:process_memory_win.cc(73)] ReadMemory at 0x7ffdb1e90000 of 64 bytes failed: ReadProcessMemory 또는 WriteProcessMemory의 일부 작업만을 마쳤습니다. (0x12B)
[0615/102324.757:WARNING:pe_image_reader.cc(340)] could not read dos header from C:\WINDOWS\SYSTEM32\WINSPOOL.DRV
[0615/102324.757:ERROR:process_memory_win.cc(73)] ReadMemory at 0x7ffdd2310000 of 64 bytes failed: ReadProcessMemory 또는 WriteProcessMemory의 일부 작업만을 마쳤습니다. (0x12B)
[0615/102324.757:WARNING:pe_image_reader.cc(340)] could not read dos header from C:\WINDOWS\System32\kernel.appcore.dll
[0615/102324.757:ERROR:process_memory_win.cc(73)] ReadMemory at 0x7ffdd25a0000 of 64 bytes failed: ReadProcessMemory 또는 WriteProcessMemory의 일부 작업만을 마쳤습니다. (0x12B)
[0615/102324.757:WARNING:pe_image_reader.cc(340)] could not read dos header from C:\WINDOWS\System32\bcrypt.dll
[0615/102324.757:ERROR:process_memory_win.cc(73)] ReadMemory at 0x7ffdd0bf0000 of 64 bytes failed: ReadProcessMemory 또는 WriteProcessMemory의 일부 작업만을 마쳤습니다. (0x12B)
[0615/102324.757:WARNING:pe_image_reader.cc(340)] could not read dos header from C:\WINDOWS\SYSTEM32\dbghelp.dll
[0615/102324.757:ERROR:process_memory_win.cc(73)] ReadMemory at 0x7ffdcf340000 of 64 bytes failed: ReadProcessMemory 또는 WriteProcessMemory의 일부 작업만을 마쳤습니다. (0x12B)
[0615/102324.757:WARNING:pe_image_reader.cc(340)] could not read dos header from C:\WINDOWS\SYSTEM32\WINHTTP.dll
[0615/102324.757:ERROR:process_memory_win.cc(73)] ReadMemory at 0x7ffdcc120000 of 64 bytes failed: ReadProcessMemory 또는 WriteProcessMemory의 일부 작업만을 마쳤습니다. (0x12B)
[0615/102324.757:WARNING:pe_image_reader.cc(340)] could not read dos header from C:\WINDOWS\SYSTEM32\dhcpcsvc.DLL
[0615/102324.757:ERROR:process_memory_win.cc(73)] ReadMemory at 0x7ffdd3740000 of 64 bytes failed: ReadProcessMemory 또는 WriteProcessMemory의 일부 작업만을 마쳤습니다. (0x12B)
[0615/102324.757:WARNING:pe_image_reader.cc(340)] could not read dos header from C:\WINDOWS\System32\NSI.dll
[0615/102324.757:ERROR:process_memory_win.cc(73)] ReadMemory at 0x7ffdc88b0000 of 64 bytes failed: ReadProcessMemory 또는 WriteProcessMemory의 일부 작업만을 마쳤습니다. (0x12B)
[0615/102324.757:WARNING:pe_image_reader.cc(340)] could not read dos header from C:\WINDOWS\SYSTEM32\WINMMBASE.dll
[0615/102324.757:ERROR:process_memory_win.cc(73)] ReadMemory at 0x7ffdd30e0000 of 64 bytes failed: ReadProcessMemory 또는 WriteProcessMemory의 일부 작업만을 마쳤습니다. (0x12B)
[0615/102324.757:WARNING:pe_image_reader.cc(340)] could not read dos header from C:\WINDOWS\System32\cfgmgr32.dll
[0615/102324.757:ERROR:process_memory_win.cc(73)] ReadMemory at 0x7ffdcff80000 of 64 bytes failed: ReadProcessMemory 또는 WriteProcessMemory의 일부 작업만을 마쳤습니다. (0x12B)
[0615/102324.757:WARNING:pe_image_reader.cc(340)] could not read dos header from C:\WINDOWS\SYSTEM32\PROPSYS.dll
[0615/102324.757:ERROR:process_memory_win.cc(73)] ReadMemory at 0x7ffdd4920000 of 64 bytes failed: ReadProcessMemory 또는 WriteProcessMemory의 일부 작업만을 마쳤습니다. (0x12B)
[0615/102324.757:WARNING:pe_image_reader.cc(340)] could not read dos header from C:\WINDOWS\System32\shcore.dll
[0615/102324.757:ERROR:process_memory_win.cc(73)] ReadMemory at 0x7ffdd21d0000 of 64 bytes failed: ReadProcessMemory 또는 WriteProcessMemory의 일부 작업만을 마쳤습니다. (0x12B)
[0615/102324.757:WARNING:pe_image_reader.cc(340)] could not read dos header from C:\WINDOWS\SYSTEM32\SSPICLI.DLL
[0615/102324.757:ERROR:process_memory_win.cc(73)] ReadMemory at 0x7ffdd1cc0000 of 64 bytes failed: ReadProcessMemory 또는 WriteProcessMemory의 일부 작업만을 마쳤습니다. (0x12B)
[0615/102324.757:WARNING:pe_image_reader.cc(340)] could not read dos header from C:\WINDOWS\SYSTEM32\CRYPTBASE.DLL
[0615/102324.757:ERROR:process_memory_win.cc(73)] ReadMemory at 0x7ff6dcd90000 of 64 bytes failed: ReadProcessMemory 또는 WriteProcessMemory의 일부 작업만을 마쳤습니다. (0x12B)
[0615/102324.757:WARNING:pe_image_reader.cc(340)] could not read dos header from C:\Program Files (x86)\Google\Chrome\Application\chrome.exe
[0615/102324.758:ERROR:process_memory_win.cc(73)] ReadMemory at 0x7ffdd5420000 of 64 bytes failed: ReadProcessMemory 또는 WriteProcessMemory의 일부 작업만을 마쳤습니다. (0x12B)
[0615/102324.758:WARNING:pe_image_reader.cc(340)] could not read dos header from C:\WINDOWS\SYSTEM32\ntdll.dll
[0615/102324.758:ERROR:process_memory_win.cc(73)] ReadMemory at 0x7ffdd4360000 of 64 bytes failed: ReadProcessMemory 또는 WriteProcessMemory의 일부 작업만을 마쳤습니다. (0x12B)
[0615/102324.758:WARNING:pe_image_reader.cc(340)] could not read dos header from C:\WINDOWS\System32\KERNEL32.DLL
[0615/102324.758:ERROR:process_memory_win.cc(73)] ReadMemory at 0x7ffdd25d0000 of 64 bytes failed: ReadProcessMemory 또는 WriteProcessMemory의 일부 작업만을 마쳤습니다. (0x12B)
[0615/102324.758:WARNING:pe_image_reader.cc(340)] could not read dos header from C:\WINDOWS\System32\KERNELBASE.dll
[0615/102324.758:ERROR:process_memory_win.cc(73)] ReadMemory at 0x7ffd975a0000 of 64 bytes failed: ReadProcessMemory 또는 WriteProcessMemory의 일부 작업만을 마쳤습니다. (0x12B)
[0615/102324.758:WARNING:pe_image_reader.cc(340)] could not read dos header from C:\Program Files (x86)\Google\Chrome\Application\83.0.4103.97\chrome_elf.dll
[0615/102324.758:ERROR:process_memory_win.cc(73)] ReadMemory at 0x7ffdc89c0000 of 64 bytes failed: ReadProcessMemory 또는 WriteProcessMemory의 일부 작업만을 마쳤습니다. (0x12B)
[0615/102324.758:WARNING:pe_image_reader.cc(340)] could not read dos header from C:\WINDOWS\SYSTEM32\VERSION.dll
[0615/102324.758:ERROR:process_memory_win.cc(73)] ReadMemory at 0x7ffdd3670000 of 64 bytes failed: ReadProcessMemory 또는 WriteProcessMemory의 일부 작업만을 마쳤습니다. (0x12B)
[0615/102324.758:WARNING:pe_image_reader.cc(340)] could not read dos header from C:\WINDOWS\System32\msvcrt.dll
[0615/102324.758:ERROR:process_memory_win.cc(73)] ReadMemory at 0x7ffdd3230000 of 64 bytes failed: ReadProcessMemory 또는 WriteProcessMemory의 일부 작업만을 마쳤습니다. (0x12B)
[0615/102324.758:WARNING:pe_image_reader.cc(340)] could not read dos header from C:\WINDOWS\System32\bcryptPrimitives.dll
[0615/102324.758:ERROR:process_memory_win.cc(73)] ReadMemory at 0x7ffdd3890000 of 64 bytes failed: ReadProcessMemory 또는 WriteProcessMemory의 일부 작업만을 마쳤습니다. (0x12B)
[0615/102324.758:WARNING:pe_image_reader.cc(340)] could not read dos header from C:\WINDOWS\System32\ADVAPI32.dll
[0615/102324.758:ERROR:process_memory_win.cc(73)] ReadMemory at 0x7ffdd42c0000 of 64 bytes failed: ReadProcessMemory 또는 WriteProcessMemory의 일부 작업만을 마쳤습니다. (0x12B)
[0615/102324.758:WARNING:pe_image_reader.cc(340)] could not read dos header from C:\WINDOWS\System32\sechost.dll
[0615/102324.758:ERROR:process_memory_win.cc(73)] ReadMemory at 0x7ffdd4800000 of 64 bytes failed: ReadProcessMemory 또는 WriteProcessMemory의 일부 작업만을 마쳤습니다. (0x12B)
[0615/102324.758:WARNING:pe_image_reader.cc(340)] could not read dos header from C:\WINDOWS\System32\RPCRT4.dll
[0615/102324.758:ERROR:process_memory_win.cc(73)] ReadMemory at 0x7ffd7f770000 of 64 bytes failed: ReadProcessMemory 또는 WriteProcessMemory의 일부 작업만을 마쳤습니다. (0x12B)
[0615/102324.758:WARNING:pe_image_reader.cc(340)] could not read dos header from C:\Program Files (x86)\Google\Chrome\Application\83.0.4103.97\chrome.dll
[0615/102324.758:ERROR:process_memory_win.cc(73)] ReadMemory at 0x221bfd60000 of 64 bytes failed: ReadProcessMemory 또는 WriteProcessMemory의 일부 작업만을 마쳤습니다. (0x12B)
[0615/102324.758:WARNING:pe_image_reader.cc(340)] could not read dos header from C:\WINDOWS\System32\WS2_32.dll
[0615/102324.758:ERROR:process_memory_win.cc(73)] ReadMemory at 0x7ffdd52d0000 of 64 bytes failed: ReadProcessMemory 또는 WriteProcessMemory의 일부 작업만을 마쳤습니다. (0x12B)
[0615/102324.759:WARNING:pe_image_reader.cc(340)] could not read dos header from C:\WINDOWS\System32\OLEAUT32.dll
[0615/102324.759:ERROR:process_memory_win.cc(73)] ReadMemory at 0x7ffdd2500000 of 64 bytes failed: ReadProcessMemory 또는 WriteProcessMemory의 일부 작업만을 마쳤습니다. (0x12B)
[0615/102324.759:WARNING:pe_image_reader.cc(340)] could not read dos header from C:\WINDOWS\System32\msvcp_win.dll
[0615/102324.759:ERROR:process_memory_win.cc(73)] ReadMemory at 0x7ffdd3130000 of 64 bytes failed: ReadProcessMemory 또는 WriteProcessMemory의 일부 작업만을 마쳤습니다. (0x12B)
[0615/102324.759:WARNING:pe_image_reader.cc(340)] could not read dos header from C:\WINDOWS\System32\ucrtbase.dll
[0615/102324.759:ERROR:process_memory_win.cc(73)] ReadMemory at 0x7ffdd4e40000 of 64 bytes failed: ReadProcessMemory 또는 WriteProcessMemory의 일부 작업만을 마쳤습니다. (0x12B)
[0615/102324.759:WARNING:pe_image_reader.cc(340)] could not read dos header from C:\WINDOWS\System32\combase.dll
[0615/102324.759:ERROR:process_memory_win.cc(73)] ReadMemory at 0x7ffdd32d0000 of 64 bytes failed: ReadProcessMemory 또는 WriteProcessMemory의 일부 작업만을 마쳤습니다. (0x12B)
[0615/102324.759:WARNING:pe_image_reader.cc(340)] could not read dos header from C:\WINDOWS\System32\WINTRUST.dll
[0615/102324.759:ERROR:process_memory_win.cc(73)] ReadMemory at 0x7ffdd22f0000 of 64 bytes failed: ReadProcessMemory 또는 WriteProcessMemory의 일부 작업만을 마쳤습니다. (0x12B)
[0615/102324.759:WARNING:pe_image_reader.cc(340)] could not read dos header from C:\WINDOWS\System32\MSASN1.dll
[0615/102324.759:ERROR:process_memory_win.cc(73)] ReadMemory at 0x7ffdd23b0000 of 64 bytes failed: ReadProcessMemory 또는 WriteProcessMemory의 일부 작업만을 마쳤습니다. (0x12B)
[0615/102324.759:WARNING:pe_image_reader.cc(340)] could not read dos header from C:\WINDOWS\System32\CRYPT32.dll
[0615/102324.759:ERROR:process_memory_win.cc(73)] ReadMemory at 0x7ffdd1800000 of 64 bytes failed: ReadProcessMemory 또는 WriteProcessMemory의 일부 작업만을 마쳤습니다. (0x12B)
[0615/102324.759:WARNING:pe_image_reader.cc(340)] could not read dos header from C:\WINDOWS\SYSTEM32\IPHLPAPI.DLL
[0615/102324.760:ERROR:process_memory_win.cc(73)] ReadMemory at 0x7ffdc8990000 of 64 bytes failed: ReadProcessMemory 또는 WriteProcessMemory의 일부 작업만을 마쳤습니다. (0x12B)
[0615/102324.760:WARNING:pe_image_reader.cc(340)] could not read dos header from C:\WINDOWS\SYSTEM32\WINMM.dll
[0615/102324.760:ERROR:process_memory_win.cc(73)] ReadMemory at 0x7ffdc5680000 of 64 bytes failed: ReadProcessMemory 또는 WriteProcessMemory의 일부 작업만을 마쳤습니다. (0x12B)
[0615/102324.760:WARNING:pe_image_reader.cc(340)] could not read dos header from C:\WINDOWS\SYSTEM32\Secur32.dll
[0615/102324.760:ERROR:process_memory_win.cc(73)] ReadMemory at 0x7ffdd2200000 of 64 bytes failed: ReadProcessMemory 또는 WriteProcessMemory의 일부 작업만을 마쳤습니다. (0x12B)
[0615/102324.760:WARNING:pe_image_reader.cc(340)] could not read dos header from C:\WINDOWS\SYSTEM32\USERENV.dll
[0615/102324.760:ERROR:process_memory_win.cc(73)] ReadMemory at 0x7ffdd2380000 of 64 bytes failed: ReadProcessMemory 또는 WriteProcessMemory의 일부 작업만을 마쳤습니다. (0x12B)
[0615/102324.760:WARNING:pe_image_reader.cc(340)] could not read dos header from C:\WINDOWS\System32\profapi.dll
[0615/102324.760:ERROR:process_memory_win.cc(73)] ReadMemory at 0x7ffda9d10000 of 64 bytes failed: ReadProcessMemory 또는 WriteProcessMemory의 일부 작업만을 마쳤습니다. (0x12B)
[0615/102324.760:WARNING:pe_image_reader.cc(340)] could not read dos header from C:\WINDOWS\SYSTEM32\UIAutomationCore.DLL
[0615/102324.760:ERROR:process_memory_win.cc(73)] ReadMemory at 0x7ffdb2650000 of 64 bytes failed: ReadProcessMemory 또는 WriteProcessMemory의 일부 작업만을 마쳤습니다. (0x12B)
[0615/102324.760:WARNING:pe_image_reader.cc(340)] could not read dos header from C:\WINDOWS\SYSTEM32\DWrite.dll
[0615/102324.760:ERROR:process_memory_win.cc(73)] ReadMemory at 0x7ffdb1e90000 of 64 bytes failed: ReadProcessMemory 또는 WriteProcessMemory의 일부 작업만을 마쳤습니다. (0x12B)
[0615/102324.760:WARNING:pe_image_reader.cc(340)] could not read dos header from C:\WINDOWS\SYSTEM32\WINSPOOL.DRV
[0615/102324.760:ERROR:process_memory_win.cc(73)] ReadMemory at 0x7ffdd2310000 of 64 bytes failed: ReadProcessMemory 또는 WriteProcessMemory의 일부 작업만을 마쳤습니다. (0x12B)
[0615/102324.760:WARNING:pe_image_reader.cc(340)] could not read dos header from C:\WINDOWS\System32\kernel.appcore.dll
[0615/102324.760:ERROR:process_memory_win.cc(73)] ReadMemory at 0x7ffdd25a0000 of 64 bytes failed: ReadProcessMemory 또는 WriteProcessMemory의 일부 작업만을 마쳤습니다. (0x12B)
[0615/102324.760:WARNING:pe_image_reader.cc(340)] could not read dos header from C:\WINDOWS\System32\bcrypt.dll
[0615/102324.761:ERROR:process_memory_win.cc(73)] ReadMemory at 0x7ffdd0bf0000 of 64 bytes failed: ReadProcessMemory 또는 WriteProcessMemory의 일부 작업만을 마쳤습니다. (0x12B)
[0615/102324.761:WARNING:pe_image_reader.cc(340)] could not read dos header from C:\WINDOWS\SYSTEM32\dbghelp.dll
[0615/102324.761:ERROR:process_memory_win.cc(73)] ReadMemory at 0x7ffdcf340000 of 64 bytes failed: ReadProcessMemory 또는 WriteProcessMemory의 일부 작업만을 마쳤습니다. (0x12B)
[0615/102324.761:WARNING:pe_image_reader.cc(340)] could not read dos header from C:\WINDOWS\SYSTEM32\WINHTTP.dll
[0615/102324.761:ERROR:process_memory_win.cc(73)] ReadMemory at 0x7ffdcc120000 of 64 bytes failed: ReadProcessMemory 또는 WriteProcessMemory의 일부 작업만을 마쳤습니다. (0x12B)
[0615/102324.761:WARNING:pe_image_reader.cc(340)] could not read dos header from C:\WINDOWS\SYSTEM32\dhcpcsvc.DLL
[0615/102324.761:ERROR:process_memory_win.cc(73)] ReadMemory at 0x7ffdd3740000 of 64 bytes failed: ReadProcessMemory 또는 WriteProcessMemory의 일부 작업만을 마쳤습니다. (0x12B)
[0615/102324.761:WARNING:pe_image_reader.cc(340)] could not read dos header from C:\WINDOWS\System32\NSI.dll
[0615/102324.761:ERROR:process_memory_win.cc(73)] ReadMemory at 0x7ffdc88b0000 of 64 bytes failed: ReadProcessMemory 또는 WriteProcessMemory의 일부 작업만을 마쳤습니다. (0x12B)
[0615/102324.761:WARNING:pe_image_reader.cc(340)] could not read dos header from C:\WINDOWS\SYSTEM32\WINMMBASE.dll
[0615/102324.761:ERROR:process_memory_win.cc(73)] ReadMemory at 0x7ffdd30e0000 of 64 bytes failed: ReadProcessMemory 또는 WriteProcessMemory의 일부 작업만을 마쳤습니다. (0x12B)
[0615/102324.761:WARNING:pe_image_reader.cc(340)] could not read dos header from C:\WINDOWS\System32\cfgmgr32.dll
[0615/102324.761:ERROR:process_memory_win.cc(73)] ReadMemory at 0x7ffdcff80000 of 64 bytes failed: ReadProcessMemory 또는 WriteProcessMemory의 일부 작업만을 마쳤습니다. (0x12B)
[0615/102324.761:WARNING:pe_image_reader.cc(340)] could not read dos header from C:\WINDOWS\SYSTEM32\PROPSYS.dll
[0615/102324.761:ERROR:process_memory_win.cc(73)] ReadMemory at 0x7ffdd4920000 of 64 bytes failed: ReadProcessMemory 또는 WriteProcessMemory의 일부 작업만을 마쳤습니다. (0x12B)
[0615/102324.761:WARNING:pe_image_reader.cc(340)] could not read dos header from C:\WINDOWS\System32\shcore.dll
[0615/102324.761:ERROR:process_memory_win.cc(73)] ReadMemory at 0x7ffdd21d0000 of 64 bytes failed: ReadProcessMemory 또는 WriteProcessMemory의 일부 작업만을 마쳤습니다. (0x12B)
[0615/102324.761:WARNING:pe_image_reader.cc(340)] could not read dos header from C:\WINDOWS\SYSTEM32\SSPICLI.DLL
[0615/102324.762:ERROR:process_memory_win.cc(73)] ReadMemory at 0x7ffdd1cc0000 of 64 bytes failed: ReadProcessMemory 또는 WriteProcessMemory의 일부 작업만을 마쳤습니다. (0x12B)
[0615/102324.762:WARNING:pe_image_reader.cc(340)] could not read dos header from C:\WINDOWS\SYSTEM32\CRYPTBASE.DLL
[0615/102324.785:ERROR:process_memory_win.cc(73)] ReadMemory at 0x46717f7000 of 36864 bytes failed: ReadProcessMemory 또는 WriteProcessMemory의 일부 작업만을 마쳤습니다. (0x12B)
[0615/102324.786:ERROR:process_memory_win.cc(73)] ReadMemory at 0x4671ffd000 of 12288 bytes failed: ReadProcessMemory 또는 WriteProcessMemory의 일부 작업만을 마쳤습니다. (0x12B)
[0615/102324.786:ERROR:process_memory_win.cc(73)] ReadMemory at 0x46727fc000 of 16384 bytes failed: ReadProcessMemory 또는 WriteProcessMemory의 일부 작업만을 마쳤습니다. (0x12B)
[0615/102324.786:ERROR:process_memory_win.cc(73)] ReadMemory at 0x4672ffd000 of 12288 bytes failed: ReadProcessMemory 또는 WriteProcessMemory의 일부 작업만을 마쳤습니다. (0x12B)
[0615/102324.786:ERROR:process_memory_win.cc(73)] ReadMemory at 0x46737fc000 of 16384 bytes failed: ReadProcessMemory 또는 WriteProcessMemory의 일부 작업만을 마쳤습니다. (0x12B)
[0615/102324.786:ERROR:process_memory_win.cc(73)] ReadMemory at 0x4673fff000 of 4096 bytes failed: ReadProcessMemory 또는 WriteProcessMemory의 일부 작업만을 마쳤습니다. (0x12B)
[0615/102324.786:ERROR:process_memory_win.cc(73)] ReadMemory at 0x46747fd000 of 12288 bytes failed: ReadProcessMemory 또는 WriteProcessMemory의 일부 작업만을 마쳤습니다. (0x12B)
[0615/102324.786:ERROR:process_memory_win.cc(73)] ReadMemory at 0x4674ffb000 of 20480 bytes failed: ReadProcessMemory 또는 WriteProcessMemory의 일부 작업만을 마쳤습니다. (0x12B)
[0615/102324.786:ERROR:process_memory_win.cc(73)] ReadMemory at 0x46757fd000 of 12288 bytes failed: ReadProcessMemory 또는 WriteProcessMemory의 일부 작업만을 마쳤습니다. (0x12B)
[0615/102324.786:ERROR:process_memory_win.cc(73)] ReadMemory at 0x4675ffd000 of 12288 bytes failed: ReadProcessMemory 또는 WriteProcessMemory의 일부 작업만을 마쳤습니다. (0x12B)
[0615/102324.786:ERROR:process_memory_win.cc(73)] ReadMemory at 0x46767fd000 of 12288 bytes failed: ReadProcessMemory 또는 WriteProcessMemory의 일부 작업만을 마쳤습니다. (0x12B)
[0615/102324.786:ERROR:process_memory_win.cc(73)] ReadMemory at 0x4676ffd000 of 12288 bytes failed: ReadProcessMemory 또는 WriteProcessMemory의 일부 작업만을 마쳤습니다. (0x12B)
[0615/102324.787:ERROR:process_memory_win.cc(73)] ReadMemory at 0x46777fd000 of 12288 bytes failed: ReadProcessMemory 또는 WriteProcessMemory의 일부 작업만을 마쳤습니다. (0x12B)
[0615/102324.787:ERROR:process_memory_win.cc(73)] ReadMemory at 0x4677ffd000 of 12288 bytes failed: ReadProcessMemory 또는 WriteProcessMemory의 일부 작업만을 마쳤습니다. (0x12B)
[0615/102324.787:ERROR:process_memory_win.cc(73)] ReadMemory at 0x46787fd000 of 12288 bytes failed: ReadProcessMemory 또는 WriteProcessMemory의 일부 작업만을 마쳤습니다. (0x12B)
[0615/102324.787:ERROR:process_memory_win.cc(73)] ReadMemory at 0x4678ffd000 of 12288 bytes failed: ReadProcessMemory 또는 WriteProcessMemory의 일부 작업만을 마쳤습니다. (0x12B)
[0615/102324.787:ERROR:process_memory_win.cc(73)] ReadMemory at 0x4670ef0000 of 852 bytes failed: ReadProcessMemory 또는 WriteProcessMemory의 일부 작업만을 마쳤습니다. (0x12B)
[0615/102324.787:ERROR:process_memory_win.cc(73)] ReadMemory at 0x4670ef1000 of 6024 bytes failed: ReadProcessMemory 또는 WriteProcessMemory의 일부 작업만을 마쳤습니다. (0x12B)
[0615/102324.787:ERROR:process_memory_win.cc(73)] ReadMemory at 0x4670ef3000 of 6024 bytes failed: ReadProcessMemory 또는 WriteProcessMemory의 일부 작업만을 마쳤습니다. (0x12B)
[0615/102324.787:ERROR:process_memory_win.cc(73)] ReadMemory at 0x4670ef5000 of 6024 bytes failed: ReadProcessMemory 또는 WriteProcessMemory의 일부 작업만을 마쳤습니다. (0x12B)
[0615/102324.787:ERROR:process_memory_win.cc(73)] ReadMemory at 0x4670ef7000 of 6024 bytes failed: ReadProcessMemory 또는 WriteProcessMemory의 일부 작업만을 마쳤습니다. (0x12B)
[0615/102324.788:ERROR:process_memory_win.cc(73)] ReadMemory at 0x4670ef9000 of 6024 bytes failed: ReadProcessMemory 또는 WriteProcessMemory의 일부 작업만을 마쳤습니다. (0x12B)
[0615/102324.788:ERROR:process_memory_win.cc(73)] ReadMemory at 0x4670efb000 of 6024 bytes failed: ReadProcessMemory 또는 WriteProcessMemory의 일부 작업만을 마쳤습니다. (0x12B)
[0615/102324.788:ERROR:process_memory_win.cc(73)] ReadMemory at 0x4670efd000 of 6024 bytes failed: ReadProcessMemory 또는 WriteProcessMemory의 일부 작업만을 마쳤습니다. (0x12B)
[0615/102324.788:ERROR:process_memory_win.cc(73)] ReadMemory at 0x4670eff000 of 6024 bytes failed: ReadProcessMemory 또는 WriteProcessMemory의 일부 작업만을 마쳤습니다. (0x12B)
[0615/102324.788:ERROR:process_memory_win.cc(73)] ReadMemory at 0x4670f01000 of 6024 bytes failed: ReadProcessMemory 또는 WriteProcessMemory의 일부 작업만을 마쳤습니다. (0x12B)
[0615/102324.788:ERROR:process_memory_win.cc(73)] ReadMemory at 0x4670f03000 of 6024 bytes failed: ReadProcessMemory 또는 WriteProcessMemory의 일부 작업만을 마쳤습니다. (0x12B)
[0615/102324.788:ERROR:process_memory_win.cc(73)] ReadMemory at 0x4670f05000 of 6024 bytes failed: ReadProcessMemory 또는 WriteProcessMemory의 일부 작업만을 마쳤습니다. (0x12B)
[0615/102324.788:ERROR:process_memory_win.cc(73)] ReadMemory at 0x4670f07000 of 6024 bytes failed: ReadProcessMemory 또는 WriteProcessMemory의 일부 작업만을 마쳤습니다. (0x12B)
[0615/102324.788:ERROR:process_memory_win.cc(73)] ReadMemory at 0x4670f09000 of 6024 bytes failed: ReadProcessMemory 또는 WriteProcessMemory의 일부 작업만을 마쳤습니다. (0x12B)
[0615/102324.788:ERROR:process_memory_win.cc(73)] ReadMemory at 0x4670f0b000 of 6024 bytes failed: ReadProcessMemory 또는 WriteProcessMemory의 일부 작업만을 마쳤습니다. (0x12B)
[0615/102324.788:ERROR:process_memory_win.cc(73)] ReadMemory at 0x4670f0d000 of 6024 bytes failed: ReadProcessMemory 또는 WriteProcessMemory의 일부 작업만을 마쳤습니다. (0x12B)
[0615/102324.789:ERROR:process_memory_win.cc(73)] ReadMemory at 0x4670f0f000 of 6024 bytes failed: ReadProcessMemory 또는 WriteProcessMemory의 일부 작업만을 마쳤습니다. (0x12B)
[0615/102324.789:ERROR:process_memory_win.cc(73)] ReadMemory at 0x221bfba0fe0 of 16424 bytes failed: ReadProcessMemory 또는 WriteProcessMemory의 일부 작업만을 마쳤습니다. (0x12B)
[0615/102324.789:ERROR:process_memory_win.cc(73)] ReadMemory at 0x221bfba5010 of 1012 bytes failed: ReadProcessMemory 또는 WriteProcessMemory의 일부 작업만을 마쳤습니다. (0x12B)
[0615/102324.789:ERROR:process_memory_win.cc(73)] ReadMemory at 0x221bfba5658 of 118 bytes failed: ReadProcessMemory 또는 WriteProcessMemory의 일부 작업만을 마쳤습니다. (0x12B)
[0615/102324.789:ERROR:process_memory_win.cc(73)] ReadMemory at 0x221bfba56d0 of 756 bytes failed: ReadProcessMemory 또는 WriteProcessMemory의 일부 작업만을 마쳤습니다. (0x12B)
[0615/102324.789:ERROR:process_memory_win.cc(73)] ReadMemory at 0x221bfba59c6 of 118 bytes failed: ReadProcessMemory 또는 WriteProcessMemory의 일부 작업만을 마쳤습니다. (0x12B)
[0615/102324.789:ERROR:process_memory_win.cc(73)] ReadMemory at 0x221bfba5a3e of 100 bytes failed: ReadProcessMemory 또는 WriteProcessMemory의 일부 작업만을 마쳤습니다. (0x12B)
[0615/102324.789:ERROR:process_memory_win.cc(73)] ReadMemory at 0x221bfba5ab0 of 58 bytes failed: ReadProcessMemory 또는 WriteProcessMemory의 일부 작업만을 마쳤습니다. (0x12B)
[0615/102324.789:ERROR:process_memory_win.cc(73)] ReadMemory at 0x221bfba5bb0 of 132 bytes failed: ReadProcessMemory 또는 WriteProcessMemory의 일부 작업만을 마쳤습니다. (0x12B)
[0615/102324.789:ERROR:process_memory_win.cc(73)] ReadMemory at 0x221bfba5d40 of 132 bytes failed: ReadProcessMemory 또는 WriteProcessMemory의 일부 작업만을 마쳤습니다. (0x12B)
[0615/102324.789:ERROR:process_memory_win.cc(73)] ReadMemory at 0x221bfba5f00 of 124 bytes failed: ReadProcessMemory 또는 WriteProcessMemory의 일부 작업만을 마쳤습니다. (0x12B)
[0615/102324.790:ERROR:process_memory_win.cc(73)] ReadMemory at 0x221bfba62e0 of 132 bytes failed: ReadProcessMemory 또는 WriteProcessMemory의 일부 작업만을 마쳤습니다. (0x12B)
[0615/102324.790:ERROR:process_memory_win.cc(73)] ReadMemory at 0x221bfba6470 of 64 bytes failed: ReadProcessMemory 또는 WriteProcessMemory의 일부 작업만을 마쳤습니다. (0x12B)
[0615/102324.790:ERROR:process_memory_win.cc(73)] ReadMemory at 0x221bfba64c0 of 132 bytes failed: ReadProcessMemory 또는 WriteProcessMemory의 일부 작업만을 마쳤습니다. (0x12B)
[0615/102324.790:ERROR:process_memory_win.cc(73)] ReadMemory at 0x221bfba6630 of 132 bytes failed: ReadProcessMemory 또는 WriteProcessMemory의 일부 작업만을 마쳤습니다. (0x12B)
[0615/102324.790:ERROR:process_memory_win.cc(73)] ReadMemory at 0x221bfba68d0 of 132 bytes failed: ReadProcessMemory 또는 WriteProcessMemory의 일부 작업만을 마쳤습니다. (0x12B)
[0615/102324.790:ERROR:process_memory_win.cc(73)] ReadMemory at 0x221bfba6a60 of 68 bytes failed: ReadProcessMemory 또는 WriteProcessMemory의 일부 작업만을 마쳤습니다. (0x12B)
[0615/102324.790:ERROR:process_memory_win.cc(73)] ReadMemory at 0x221bfba7ad0 of 132 bytes failed: ReadProcessMemory 또는 WriteProcessMemory의 일부 작업만을 마쳤습니다. (0x12B)
[0615/102324.790:ERROR:process_memory_win.cc(73)] ReadMemory at 0x221bfba7c60 of 152 bytes failed: ReadProcessMemory 또는 WriteProcessMemory의 일부 작업만을 마쳤습니다. (0x12B)
[0615/102324.790:ERROR:process_memory_win.cc(73)] ReadMemory at 0x221bfba8a70 of 62 bytes failed: ReadProcessMemory 또는 WriteProcessMemory의 일부 작업만을 마쳤습니다. (0x12B)
[0615/102324.790:ERROR:process_memory_win.cc(73)] ReadMemory at 0x221bfba8bd0 of 132 bytes failed: ReadProcessMemory 또는 WriteProcessMemory의 일부 작업만을 마쳤습니다. (0x12B)
[0615/102324.790:ERROR:process_memory_win.cc(73)] ReadMemory at 0x221bfba8d60 of 60 bytes failed: ReadProcessMemory 또는 WriteProcessMemory의 일부 작업만을 마쳤습니다. (0x12B)
[0615/102324.790:ERROR:process_memory_win.cc(73)] ReadMemory at 0x221bfbad500 of 132 bytes failed: ReadProcessMemory 또는 WriteProcessMemory의 일부 작업만을 마쳤습니다. (0x12B)
[0615/102324.790:ERROR:process_memory_win.cc(73)] ReadMemory at 0x221bfbad630 of 80 bytes failed: ReadProcessMemory 또는 WriteProcessMemory의 일부 작업만을 마쳤습니다. (0x12B)
[0615/102324.791:ERROR:process_memory_win.cc(73)] ReadMemory at 0x221bfbad960 of 64 bytes failed: ReadProcessMemory 또는 WriteProcessMemory의 일부 작업만을 마쳤습니다. (0x12B)
[0615/102324.791:ERROR:process_memory_win.cc(73)] ReadMemory at 0x221bfbad9b0 of 60 bytes failed: ReadProcessMemory 또는 WriteProcessMemory의 일부 작업만을 마쳤습니다. (0x12B)
[0615/102324.791:ERROR:process_memory_win.cc(73)] ReadMemory at 0x221bfbada00 of 64 bytes failed: ReadProcessMemory 또는 WriteProcessMemory의 일부 작업만을 마쳤습니다. (0x12B)
[0615/102324.791:ERROR:process_memory_win.cc(73)] ReadMemory at 0x221bfbada50 of 66 bytes failed: ReadProcessMemory 또는 WriteProcessMemory의 일부 작업만을 마쳤습니다. (0x12B)
[0615/102324.791:ERROR:process_memory_win.cc(73)] ReadMemory at 0x221bfbadaa0 of 62 bytes failed: ReadProcessMemory 또는 WriteProcessMemory의 일부 작업만을 마쳤습니다. (0x12B)
[0615/102324.791:ERROR:process_memory_win.cc(73)] ReadMemory at 0x221bfbadaf0 of 64 bytes failed: ReadProcessMemory 또는 WriteProcessMemory의 일부 작업만을 마쳤습니다. (0x12B)
[0615/102324.791:ERROR:process_memory_win.cc(73)] ReadMemory at 0x221bfbadb40 of 60 bytes failed: ReadProcessMemory 또는 WriteProcessMemory의 일부 작업만을 마쳤습니다. (0x12B)
[0615/102324.791:ERROR:process_memory_win.cc(73)] ReadMemory at 0x221bfbadd70 of 64 bytes failed: ReadProcessMemory 또는 WriteProcessMemory의 일부 작업만을 마쳤습니다. (0x12B)
[0615/102324.791:ERROR:process_memory_win.cc(73)] ReadMemory at 0x221bfbaddc0 of 62 bytes failed: ReadProcessMemory 또는 WriteProcessMemory의 일부 작업만을 마쳤습니다. (0x12B)
[0615/102324.791:ERROR:process_memory_win.cc(73)] ReadMemory at 0x221bfbae390 of 132 bytes failed: ReadProcessMemory 또는 WriteProcessMemory의 일부 작업만을 마쳤습니다. (0x12B)
[0615/102324.791:ERROR:process_memory_win.cc(73)] ReadMemory at 0x221bfbae4c0 of 132 bytes failed: ReadProcessMemory 또는 WriteProcessMemory의 일부 작업만을 마쳤습니다. (0x12B)
[0615/102324.791:ERROR:process_memory_win.cc(73)] ReadMemory at 0x221bfbae5f0 of 132 bytes failed: ReadProcessMemory 또는 WriteProcessMemory의 일부 작업만을 마쳤습니다. (0x12B)
[0615/102324.791:ERROR:process_memory_win.cc(73)] ReadMemory at 0x221bfbae720 of 132 bytes failed: ReadProcessMemory 또는 WriteProcessMemory의 일부 작업만을 마쳤습니다. (0x12B)
[0615/102324.791:ERROR:process_memory_win.cc(73)] ReadMemory at 0x221bfbae850 of 132 bytes failed: ReadProcessMemory 또는 WriteProcessMemory의 일부 작업만을 마쳤습니다. (0x12B)
[0615/102324.792:ERROR:process_memory_win.cc(73)] ReadMemory at 0x221bfbae980 of 132 bytes failed: ReadProcessMemory 또는 WriteProcessMemory의 일부 작업만을 마쳤습니다. (0x12B)
[0615/102324.792:ERROR:process_memory_win.cc(73)] ReadMemory at 0x221bfbaeab0 of 132 bytes failed: ReadProcessMemory 또는 WriteProcessMemory의 일부 작업만을 마쳤습니다. (0x12B)
[0615/102324.792:ERROR:process_memory_win.cc(73)] ReadMemory at 0x221bfbaed10 of 132 bytes failed: ReadProcessMemory 또는 WriteProcessMemory의 일부 작업만을 마쳤습니다. (0x12B)
[0615/102324.792:ERROR:process_memory_win.cc(73)] ReadMemory at 0x221bfbaee40 of 132 bytes failed: ReadProcessMemory 또는 WriteProcessMemory의 일부 작업만을 마쳤습니다. (0x12B)
[0615/102324.792:ERROR:process_memory_win.cc(73)] ReadMemory at 0x221bfbaef70 of 132 bytes failed: ReadProcessMemory 또는 WriteProcessMemory의 일부 작업만을 마쳤습니다. (0x12B)
[0615/102324.792:ERROR:process_memory_win.cc(73)] ReadMemory at 0x221bfbaf0a0 of 132 bytes failed: ReadProcessMemory 또는 WriteProcessMemory의 일부 작업만을 마쳤습니다. (0x12B)
[0615/102324.792:ERROR:process_memory_win.cc(73)] ReadMemory at 0x221bfbaf1d0 of 132 bytes failed: ReadProcessMemory 또는 WriteProcessMemory의 일부 작업만을 마쳤습니다. (0x12B)
[0615/102324.792:ERROR:process_memory_win.cc(73)] ReadMemory at 0x221bfbb1fc0 of 54 bytes failed: ReadProcessMemory 또는 WriteProcessMemory의 일부 작업만을 마쳤습니다. (0x12B)
[0615/102324.792:ERROR:process_memory_win.cc(73)] ReadMemory at 0x221bfbb2360 of 132 bytes failed: ReadProcessMemory 또는 WriteProcessMemory의 일부 작업만을 마쳤습니다. (0x12B)
[0615/102324.792:ERROR:process_memory_win.cc(73)] ReadMemory at 0x221bfbb2d90 of 132 bytes failed: ReadProcessMemory 또는 WriteProcessMemory의 일부 작업만을 마쳤습니다. (0x12B)
[0615/102324.792:ERROR:process_memory_win.cc(73)] ReadMemory at 0x221bfbb4d60 of 80 bytes failed: ReadProcessMemory 또는 WriteProcessMemory의 일부 작업만을 마쳤습니다. (0x12B)
[0615/102324.793:ERROR:process_memory_win.cc(73)] ReadMemory at 0x221bfbb4e20 of 76 bytes failed: ReadProcessMemory 또는 WriteProcessMemory의 일부 작업만을 마쳤습니다. (0x12B)
[0615/102324.793:ERROR:process_memory_win.cc(73)] ReadMemory at 0x221bfbb5910 of 62 bytes failed: ReadProcessMemory 또는 WriteProcessMemory의 일부 작업만을 마쳤습니다. (0x12B)
[0615/102324.793:ERROR:process_memory_win.cc(73)] ReadMemory at 0x221bfbb59b0 of 64 bytes failed: ReadProcessMemory 또는 WriteProcessMemory의 일부 작업만을 마쳤습니다. (0x12B)
[0615/102324.793:ERROR:process_memory_win.cc(73)] ReadMemory at 0x221bfbb5a00 of 62 bytes failed: ReadProcessMemory 또는 WriteProcessMemory의 일부 작업만을 마쳤습니다. (0x12B)
[0615/102324.793:ERROR:process_memory_win.cc(73)] ReadMemory at 0x221bfbb5af0 of 60 bytes failed: ReadProcessMemory 또는 WriteProcessMemory의 일부 작업만을 마쳤습니다. (0x12B)
[0615/102324.793:ERROR:process_memory_win.cc(73)] ReadMemory at 0x221bfbb5b40 of 64 bytes failed: ReadProcessMemory 또는 WriteProcessMemory의 일부 작업만을 마쳤습니다. (0x12B)
[0615/102324.793:ERROR:process_memory_win.cc(73)] ReadMemory at 0x221bfbb5b90 of 66 bytes failed: ReadProcessMemory 또는 WriteProcessMemory의 일부 작업만을 마쳤습니다. (0x12B)
[0615/102324.793:ERROR:process_memory_win.cc(73)] ReadMemory at 0x221bfbb5be0 of 64 bytes failed: ReadProcessMemory 또는 WriteProcessMemory의 일부 작업만을 마쳤습니다. (0x12B)
[0615/102324.793:ERROR:process_memory_win.cc(73)] ReadMemory at 0x221bfbb5cd0 of 62 bytes failed: ReadProcessMemory 또는 WriteProcessMemory의 일부 작업만을 마쳤습니다. (0x12B)
[0615/102324.794:ERROR:process_memory_win.cc(73)] ReadMemory at 0x221bfbb5d20 of 62 bytes failed: ReadProcessMemory 또는 WriteProcessMemory의 일부 작업만을 마쳤습니다. (0x12B)
[0615/102324.794:ERROR:process_memory_win.cc(73)] ReadMemory at 0x221bfbb5d70 of 62 bytes failed: ReadProcessMemory 또는 WriteProcessMemory의 일부 작업만을 마쳤습니다. (0x12B)
[0615/102324.794:ERROR:process_memory_win.cc(73)] ReadMemory at 0x221bfbb5e60 of 58 bytes failed: ReadProcessMemory 또는 WriteProcessMemory의 일부 작업만을 마쳤습니다. (0x12B)
[0615/102324.794:ERROR:process_memory_win.cc(73)] ReadMemory at 0x221bfbb5f50 of 60 bytes failed: ReadProcessMemory 또는 WriteProcessMemory의 일부 작업만을 마쳤습니다. (0x12B)
[0615/102324.794:ERROR:process_memory_win.cc(73)] ReadMemory at 0x221bfbb5ff0 of 62 bytes failed: ReadProcessMemory 또는 WriteProcessMemory의 일부 작업만을 마쳤습니다. (0x12B)
[0615/102324.794:ERROR:process_memory_win.cc(73)] ReadMemory at 0x221bfbb6180 of 62 bytes failed: ReadProcessMemory 또는 WriteProcessMemory의 일부 작업만을 마쳤습니다. (0x12B)
[0615/102324.794:ERROR:process_memory_win.cc(73)] ReadMemory at 0x221bfbb6220 of 62 bytes failed: ReadProcessMemory 또는 WriteProcessMemory의 일부 작업만을 마쳤습니다. (0x12B)
[0615/102324.794:ERROR:process_memory_win.cc(73)] ReadMemory at 0x221bfbb6360 of 64 bytes failed: ReadProcessMemory 또는 WriteProcessMemory의 일부 작업만을 마쳤습니다. (0x12B)
[0615/102324.794:ERROR:process_memory_win.cc(73)] ReadMemory at 0x221bfbb63b0 of 60 bytes failed: ReadProcessMemory 또는 WriteProcessMemory의 일부 작업만을 마쳤습니다. (0x12B)
[0615/102324.794:ERROR:process_memory_win.cc(73)] ReadMemory at 0x221bfbb64f0 of 60 bytes failed: ReadProcessMemory 또는 WriteProcessMemory의 일부 작업만을 마쳤습니다. (0x12B)
[0615/102324.794:ERROR:process_memory_win.cc(73)] ReadMemory at 0x221bfbb7290 of 132 bytes failed: ReadProcessMemory 또는 WriteProcessMemory의 일부 작업만을 마쳤습니다. (0x12B)
[0615/102324.795:ERROR:process_memory_win.cc(73)] ReadMemory at 0x221bfbb75f0 of 132 bytes failed: ReadProcessMemory 또는 WriteProcessMemory의 일부 작업만을 마쳤습니다. (0x12B)
[0615/102324.795:ERROR:process_memory_win.cc(73)] ReadMemory at 0x221bfbb7800 of 132 bytes failed: ReadProcessMemory 또는 WriteProcessMemory의 일부 작업만을 마쳤습니다. (0x12B)
[0615/102324.795:ERROR:process_memory_win.cc(73)] ReadMemory at 0x221bfbb8dc0 of 132 bytes failed: ReadProcessMemory 또는 WriteProcessMemory의 일부 작업만을 마쳤습니다. (0x12B)
[0615/102324.795:ERROR:process_memory_win.cc(73)] ReadMemory at 0x221bfbb8ef0 of 144 bytes failed: ReadProcessMemory 또는 WriteProcessMemory의 일부 작업만을 마쳤습니다. (0x12B)
[0615/102324.795:ERROR:process_memory_win.cc(73)] ReadMemory at 0x221bfbbac00 of 132 bytes failed: ReadProcessMemory 또는 WriteProcessMemory의 일부 작업만을 마쳤습니다. (0x12B)
[0615/102324.795:ERROR:process_memory_win.cc(73)] ReadMemory at 0x221bfbbae20 of 132 bytes failed: ReadProcessMemory 또는 WriteProcessMemory의 일부 작업만을 마쳤습니다. (0x12B)
[0615/102324.795:ERROR:process_memory_win.cc(73)] ReadMemory at 0x221bfbbba50 of 132 bytes failed: ReadProcessMemory 또는 WriteProcessMemory의 일부 작업만을 마쳤습니다. (0x12B)
[0615/102324.795:ERROR:process_memory_win.cc(73)] ReadMemory at 0x221bfbbbb80 of 132 bytes failed: ReadProcessMemory 또는 WriteProcessMemory의 일부 작업만을 마쳤습니다. (0x12B)
[0615/102324.795:ERROR:process_memory_win.cc(73)] ReadMemory at 0x221bfbbbcb0 of 132 bytes failed: ReadProcessMemory 또는 WriteProcessMemory의 일부 작업만을 마쳤습니다. (0x12B)
[0615/102324.795:ERROR:process_memory_win.cc(73)] ReadMemory at 0x221bfbbbf10 of 132 bytes failed: ReadProcessMemory 또는 WriteProcessMemory의 일부 작업만을 마쳤습니다. (0x12B)
[0615/102324.795:ERROR:process_memory_win.cc(73)] ReadMemory at 0x221bfbbc3d0 of 132 bytes failed: ReadProcessMemory 또는 WriteProcessMemory의 일부 작업만을 마쳤습니다. (0x12B)
[0615/102324.795:ERROR:process_memory_win.cc(73)] ReadMemory at 0x221bfbbc500 of 132 bytes failed: ReadProcessMemory 또는 WriteProcessMemory의 일부 작업만을 마쳤습니다. (0x12B)
[0615/102324.795:ERROR:process_memory_win.cc(73)] ReadMemory at 0x221bfbbc760 of 132 bytes failed: ReadProcessMemory 또는 WriteProcessMemory의 일부 작업만을 마쳤습니다. (0x12B)
[0615/102324.796:ERROR:process_memory_win.cc(73)] ReadMemory at 0x221bfbbc9c0 of 132 bytes failed: ReadProcessMemory 또는 WriteProcessMemory의 일부 작업만을 마쳤습니다. (0x12B)
[0615/102324.796:ERROR:process_memory_win.cc(73)] ReadMemory at 0x221bfbbcc20 of 132 bytes failed: ReadProcessMemory 또는 WriteProcessMemory의 일부 작업만을 마쳤습니다. (0x12B)
[0615/102324.796:ERROR:process_memory_win.cc(73)] ReadMemory at 0x221bfbbcd50 of 132 bytes failed: ReadProcessMemory 또는 WriteProcessMemory의 일부 작업만을 마쳤습니다. (0x12B)
[0615/102324.796:ERROR:process_memory_win.cc(73)] ReadMemory at 0x221bfbd5e50 of 512 bytes failed: ReadProcessMemory 또는 WriteProcessMemory의 일부 작업만을 마쳤습니다. (0x12B)
[0615/102324.796:ERROR:process_memory_win.cc(73)] ReadMemory at 0x221bfbd6c00 of 512 bytes failed: ReadProcessMemory 또는 WriteProcessMemory의 일부 작업만을 마쳤습니다. (0x12B)
[0615/102324.796:ERROR:process_memory_win.cc(73)] ReadMemory at 0x221bfe41e40 of 512 bytes failed: ReadProcessMemory 또는 WriteProcessMemory의 일부 작업만을 마쳤습니다. (0x12B)
[0615/102324.796:ERROR:process_memory_win.cc(73)] ReadMemory at 0x221c02d0000 of 384 bytes failed: ReadProcessMemory 또는 WriteProcessMemory의 일부 작업만을 마쳤습니다. (0x12B)
[0615/102324.796:ERROR:process_memory_win.cc(73)] ReadMemory at 0x221c030e1f0 of 512 bytes failed: ReadProcessMemory 또는 WriteProcessMemory의 일부 작업만을 마쳤습니다. (0x12B)
[0615/102324.796:ERROR:process_memory_win.cc(73)] ReadMemory at 0x221c0314060 of 512 bytes failed: ReadProcessMemory 또는 WriteProcessMemory의 일부 작업만을 마쳤습니다. (0x12B)
[0615/102324.796:ERROR:process_memory_win.cc(73)] ReadMemory at 0x221c032a560 of 512 bytes failed: ReadProcessMemory 또는 WriteProcessMemory의 일부 작업만을 마쳤습니다. (0x12B)
[0615/102324.796:ERROR:process_memory_win.cc(73)] ReadMemory at 0x221c032c190 of 512 bytes failed: ReadProcessMemory 또는 WriteProcessMemory의 일부 작업만을 마쳤습니다. (0x12B)
[0615/102324.796:ERROR:process_memory_win.cc(73)] ReadMemory at 0x221c0335c70 of 712 bytes failed: ReadProcessMemory 또는 WriteProcessMemory의 일부 작업만을 마쳤습니다. (0x12B)
[0615/102324.796:ERROR:process_memory_win.cc(73)] ReadMemory at 0x221c0364c20 of 512 bytes failed: ReadProcessMemory 또는 WriteProcessMemory의 일부 작업만을 마쳤습니다. (0x12B)
[0615/102324.797:ERROR:process_memory_win.cc(73)] ReadMemory at 0x221c0369b00 of 512 bytes failed: ReadProcessMemory 또는 WriteProcessMemory의 일부 작업만을 마쳤습니다. (0x12B)
[0615/102324.797:ERROR:process_memory_win.cc(73)] ReadMemory at 0x221c19e0000 of 384 bytes failed: ReadProcessMemory 또는 WriteProcessMemory의 일부 작업만을 마쳤습니다. (0x12B)
[0615/102324.797:ERROR:process_memory_win.cc(73)] ReadMemory at 0x221c1a74330 of 512 bytes failed: ReadProcessMemory 또는 WriteProcessMemory의 일부 작업만을 마쳤습니다. (0x12B)
[0615/102324.797:ERROR:process_memory_win.cc(73)] ReadMemory at 0x4fb92b688d68 of 512 bytes failed: ReadProcessMemory 또는 WriteProcessMemory의 일부 작업만을 마쳤습니다. (0x12B)
[0615/102324.797:ERROR:process_memory_win.cc(73)] ReadMemory at 0x7ffd7fd57674 of 512 bytes failed: ReadProcessMemory 또는 WriteProcessMemory의 일부 작업만을 마쳤습니다. (0x12B)
[0615/102324.797:ERROR:process_memory_win.cc(73)] ReadMemory at 0x7ffd81ef818c of 512 bytes failed: ReadProcessMemory 또는 WriteProcessMemory의 일부 작업만을 마쳤습니다. (0x12B)
[0615/102324.797:ERROR:process_memory_win.cc(73)] ReadMemory at 0x7ffd82e25d51 of 512 bytes failed: ReadProcessMemory 또는 WriteProcessMemory의 일부 작업만을 마쳤습니다. (0x12B)
[0615/102324.797:ERROR:process_memory_win.cc(73)] ReadMemory at 0x7ffd862af178 of 512 bytes failed: ReadProcessMemory 또는 WriteProcessMemory의 일부 작업만을 마쳤습니다. (0x12B)
[0615/102324.797:ERROR:process_memory_win.cc(73)] ReadMemory at 0x7ffd87079568 of 512 bytes failed: ReadProcessMemory 또는 WriteProcessMemory의 일부 작업만을 마쳤습니다. (0x12B)
[0615/102324.797:ERROR:process_memory_win.cc(73)] ReadMemory at 0x7ffdd283c6e0 of 512 bytes failed: ReadProcessMemory 또는 WriteProcessMemory의 일부 작업만을 마쳤습니다. (0x12B)
[0615/102324.797:ERROR:process_memory_win.cc(73)] ReadMemory at 0x7ffdd54bc074 of 672 bytes failed: ReadProcessMemory 또는 WriteProcessMemory의 일부 작업만을 마쳤습니다. (0x12B)
[0615/102324.797:ERROR:process_memory_win.cc(73)] ReadMemory at 0x7ffdd54bc674 of 512 bytes failed: ReadProcessMemory 또는 WriteProcessMemory의 일부 작업만을 마쳤습니다. (0x12B)
[0615/102324.797:ERROR:process_memory_win.cc(73)] ReadMemory at 0x7ffdd54bf924 of 608 bytes failed: ReadProcessMemory 또는 WriteProcessMemory의 일부 작업만을 마쳤습니다. (0x12B)
[0615/102324.798:ERROR:process_memory_win.cc(73)] ReadMemory at 0x7ffdd554c428 of 18 bytes failed: ReadProcessMemory 또는 WriteProcessMemory의 일부 작업만을 마쳤습니다. (0x12B)
[0615/102324.798:ERROR:process_memory_win.cc(73)] ReadMemory at 0x7ffdd557f4f8 of 40 bytes failed: ReadProcessMemory 또는 WriteProcessMemory의 일부 작업만을 마쳤습니다. (0x12B)
[0615/102324.798:ERROR:process_memory_win.cc(73)] ReadMemory at 0x7ffdd557f978 of 48 bytes failed: ReadProcessMemory 또는 WriteProcessMemory의 일부 작업만을 마쳤습니다. (0x12B)
[0615/102324.798:ERROR:process_memory_win.cc(73)] ReadMemory at 0x7ffdd55853c0 of 64 bytes failed: ReadProcessMemory 또는 WriteProcessMemory의 일부 작업만을 마쳤습니다. (0x12B)
[0615/102324.799:ERROR:scoped_process_suspend.cc(40)] NtResumeProcess: 기존 프로세스에 액세스하려고 했습니다. (0xc000010a)
